<?xml version="1.0" encoding="UTF-8"?>
<!-- Generated by org.testng.reporters.JUnitXMLReporter -->
<testsuite ignored="38" hostname="IN-PG02NJQN" failures="4" tests="20" name="Test" time="332.995" errors="0" timestamp="2023-01-10T06:43:11 IST">
  <testcase classname="Flipkart_testcases.Test_02_login" name="login" time="0.331"/>
  <testcase classname="Flipkart_testcases.test_01_verify_title" name="TitleVerify" time="0.018"/>
  <testcase classname="Flipkart_testcases.Test_03_search_product" name="search" time="1.308"/>
  <testcase classname="Flipkart_testcases.Test_04_add_to_cart" name="addToCart" time="8.719"/>
  <testcase classname="Flipkart_testcases.Test_05_giftCards" name="GiftCardTest" time="28.822"/>
  <testcase classname="Flipkart_testcases.Test_06_grocery_basket" name="grocery_basket" time="12.864"/>
  <testcase classname="Flipkart_testcases.Test_07_grocery" name="grocery_test" time="5.201">
    <failure type="org.openqa.selenium.NoSuchElementException" message="no such element: Unable to locate element: {&amp;quot;method&amp;quot;:&amp;quot;xpath&amp;quot;,&amp;quot;selector&amp;quot;:&amp;quot;//*[@id=&amp;quot;container&amp;quot;]/div/div[1]/div[1]/div[2]/div[3]/div[2]/div/div[2]/div[2]/div/div/div[1]/form/input&amp;quot;}
  (Session info: chrome=108.0.5359.125)
For documentation on this error, please visit: https://selenium.dev/exceptions/#no_such_element
Build info: version: &amp;apos;4.6.0&amp;apos;, revision: &amp;apos;79f1c02ae20&amp;apos;
System info: os.name: &amp;apos;Windows 10&amp;apos;, os.arch: &amp;apos;amd64&amp;apos;, os.version: &amp;apos;10.0&amp;apos;, java.version: &amp;apos;11.0.5&amp;apos;
Driver info: org.openqa.selenium.chrome.ChromeDriver
Command: [f90797441fc46d247f3a6cd3497cb87b, findElement {using=xpath, value=//*[@id=&amp;quot;container&amp;quot;]/div/div[1]/div[1]/div[2]/div[3]/div[2]/div/div[2]/div[2]/div/div/div[1]/form/input}]
Capabilities {acceptInsecureCerts: false, browserName: chrome, browserVersion: 108.0.5359.125, chrome: {chromedriverVersion: 108.0.5359.71 (1e0e3868ee06..., userDataDir: C:\Users\PRITAM~1\AppData\L...}, goog:chromeOptions: {debuggerAddress: localhost:53317}, networkConnectionEnabled: false, pageLoadStrategy: normal, platformName: WINDOWS, proxy: Proxy(), se:cdp: ws://localhost:53317/devtoo..., se:cdpVersion: 108.0.5359.125, setWindowRect: true, strictFileInteractability: false, timeouts: {implicit: 0, pageLoad: 300000, script: 30000}, unhandledPromptBehavior: dismiss and notify, webauthn:extension:credBlob: true, webauthn:extension:largeBlob: true, webauthn:virtualAuthenticators: true}
Session ID: f90797441fc46d247f3a6cd3497cb87b">
      <![CDATA[org.openqa.selenium.NoSuchElementException: no such element: Unable to locate element: {"method":"xpath","selector":"//*[@id="container"]/div/div[1]/div[1]/div[2]/div[3]/div[2]/div/div[2]/div[2]/div/div/div[1]/form/input"}
  (Session info: chrome=108.0.5359.125)
For documentation on this error, please visit: https://selenium.dev/exceptions/#no_such_element
Build info: version: '4.6.0', revision: '79f1c02ae20'
System info: os.name: 'Windows 10', os.arch: 'amd64', os.version: '10.0', java.version: '11.0.5'
Driver info: org.openqa.selenium.chrome.ChromeDriver
Command: [f90797441fc46d247f3a6cd3497cb87b, findElement {using=xpath, value=//*[@id="container"]/div/div[1]/div[1]/div[2]/div[3]/div[2]/div/div[2]/div[2]/div/div/div[1]/form/input}]
Capabilities {acceptInsecureCerts: false, browserName: chrome, browserVersion: 108.0.5359.125, chrome: {chromedriverVersion: 108.0.5359.71 (1e0e3868ee06..., userDataDir: C:\Users\PRITAM~1\AppData\L...}, goog:chromeOptions: {debuggerAddress: localhost:53317}, networkConnectionEnabled: false, pageLoadStrategy: normal, platformName: WINDOWS, proxy: Proxy(), se:cdp: ws://localhost:53317/devtoo..., se:cdpVersion: 108.0.5359.125, setWindowRect: true, strictFileInteractability: false, timeouts: {implicit: 0, pageLoad: 300000, script: 30000}, unhandledPromptBehavior: dismiss and notify, webauthn:extension:credBlob: true, webauthn:extension:largeBlob: true, webauthn:virtualAuthenticators: true}
Session ID: f90797441fc46d247f3a6cd3497cb87b
at org.openqa.selenium.remote.codec.w3c.W3CHttpResponseCodec.createException(W3CHttpResponseCodec.java:200)
at org.openqa.selenium.remote.codec.w3c.W3CHttpResponseCodec.decode(W3CHttpResponseCodec.java:133)
at org.openqa.selenium.remote.codec.w3c.W3CHttpResponseCodec.decode(W3CHttpResponseCodec.java:53)
at org.openqa.selenium.remote.HttpCommandExecutor.execute(HttpCommandExecutor.java:184)
at org.openqa.selenium.remote.service.DriverCommandExecutor.invokeExecute(DriverCommandExecutor.java:167)
at org.openqa.selenium.remote.service.DriverCommandExecutor.execute(DriverCommandExecutor.java:142)
at org.openqa.selenium.remote.RemoteWebDriver.execute(RemoteWebDriver.java:541)
at org.openqa.selenium.remote.ElementLocation$ElementFinder$2.findElement(ElementLocation.java:162)
at org.openqa.selenium.remote.ElementLocation.findElement(ElementLocation.java:60)
at org.openqa.selenium.remote.RemoteWebDriver.findElement(RemoteWebDriver.java:365)
at org.openqa.selenium.remote.RemoteWebDriver.findElement(RemoteWebDriver.java:357)
at org.openqa.selenium.support.pagefactory.DefaultElementLocator.findElement(DefaultElementLocator.java:70)
at org.openqa.selenium.support.pagefactory.internal.LocatingElementHandler.invoke(LocatingElementHandler.java:39)
at com.sun.proxy.$Proxy19.sendKeys(Unknown Source)
at Pages.GroceryPage.enter_pin(GroceryPage.java:38)
at Flipkart_testcases.Test_07_grocery.grocery_test(Test_07_grocery.java:24)
at java.base/java.util.ArrayList.forEach(ArrayList.java:1540)
... Removed 31 stack frames]]>
    </failure>
  </testcase> <!-- grocery_test -->
  <testcase classname="Flipkart_testcases.Test_08_mobiles" name="Mobile_TestCase" time="16.05"/>
  <testcase classname="Flipkart_testcases.Test_09_mouse_hover" name="Hover" time="8.257"/>
  <testcase classname="Flipkart_testcases.Test_10_place_order" name="order_place" time="13.596">
    <failure type="org.openqa.selenium.NoSuchElementException" message="no such element: Unable to locate element: {&amp;quot;method&amp;quot;:&amp;quot;css selector&amp;quot;,&amp;quot;selector&amp;quot;:&amp;quot;div._1Er18h div._6t1WkM._3HqJxg div._1YokD2._2GoDe3.col-12-12 div._1YokD2._3Mn1Gg:nth-child(1) div._1YokD2._3Mn1Gg.col-12-12 div._1AtVbE.col-12-12:nth-child(3) div.zab8Yh._10k93p div.nZz3kj._1hNI6F div._1uc2IE div._3dY_ZR &amp;gt; button._23FHuj:nth-child(3)&amp;quot;}
  (Session info: chrome=108.0.5359.125)
For documentation on this error, please visit: https://selenium.dev/exceptions/#no_such_element
Build info: version: &amp;apos;4.6.0&amp;apos;, revision: &amp;apos;79f1c02ae20&amp;apos;
System info: os.name: &amp;apos;Windows 10&amp;apos;, os.arch: &amp;apos;amd64&amp;apos;, os.version: &amp;apos;10.0&amp;apos;, java.version: &amp;apos;11.0.5&amp;apos;
Driver info: org.openqa.selenium.chrome.ChromeDriver
Command: [f90797441fc46d247f3a6cd3497cb87b, findElement {using=css selector, value=div._1Er18h div._6t1WkM._3HqJxg div._1YokD2._2GoDe3.col-12-12 div._1YokD2._3Mn1Gg:nth-child(1) div._1YokD2._3Mn1Gg.col-12-12 div._1AtVbE.col-12-12:nth-child(3) div.zab8Yh._10k93p div.nZz3kj._1hNI6F div._1uc2IE div._3dY_ZR &amp;gt; button._23FHuj:nth-child(3)}]
Capabilities {acceptInsecureCerts: false, browserName: chrome, browserVersion: 108.0.5359.125, chrome: {chromedriverVersion: 108.0.5359.71 (1e0e3868ee06..., userDataDir: C:\Users\PRITAM~1\AppData\L...}, goog:chromeOptions: {debuggerAddress: localhost:53317}, networkConnectionEnabled: false, pageLoadStrategy: normal, platformName: WINDOWS, proxy: Proxy(), se:cdp: ws://localhost:53317/devtoo..., se:cdpVersion: 108.0.5359.125, setWindowRect: true, strictFileInteractability: false, timeouts: {implicit: 0, pageLoad: 300000, script: 30000}, unhandledPromptBehavior: dismiss and notify, webauthn:extension:credBlob: true, webauthn:extension:largeBlob: true, webauthn:virtualAuthenticators: true}
Session ID: f90797441fc46d247f3a6cd3497cb87b">
      <![CDATA[org.openqa.selenium.NoSuchElementException: no such element: Unable to locate element: {"method":"css selector","selector":"div._1Er18h div._6t1WkM._3HqJxg div._1YokD2._2GoDe3.col-12-12 div._1YokD2._3Mn1Gg:nth-child(1) div._1YokD2._3Mn1Gg.col-12-12 div._1AtVbE.col-12-12:nth-child(3) div.zab8Yh._10k93p div.nZz3kj._1hNI6F div._1uc2IE div._3dY_ZR > button._23FHuj:nth-child(3)"}
  (Session info: chrome=108.0.5359.125)
For documentation on this error, please visit: https://selenium.dev/exceptions/#no_such_element
Build info: version: '4.6.0', revision: '79f1c02ae20'
System info: os.name: 'Windows 10', os.arch: 'amd64', os.version: '10.0', java.version: '11.0.5'
Driver info: org.openqa.selenium.chrome.ChromeDriver
Command: [f90797441fc46d247f3a6cd3497cb87b, findElement {using=css selector, value=div._1Er18h div._6t1WkM._3HqJxg div._1YokD2._2GoDe3.col-12-12 div._1YokD2._3Mn1Gg:nth-child(1) div._1YokD2._3Mn1Gg.col-12-12 div._1AtVbE.col-12-12:nth-child(3) div.zab8Yh._10k93p div.nZz3kj._1hNI6F div._1uc2IE div._3dY_ZR > button._23FHuj:nth-child(3)}]
Capabilities {acceptInsecureCerts: false, browserName: chrome, browserVersion: 108.0.5359.125, chrome: {chromedriverVersion: 108.0.5359.71 (1e0e3868ee06..., userDataDir: C:\Users\PRITAM~1\AppData\L...}, goog:chromeOptions: {debuggerAddress: localhost:53317}, networkConnectionEnabled: false, pageLoadStrategy: normal, platformName: WINDOWS, proxy: Proxy(), se:cdp: ws://localhost:53317/devtoo..., se:cdpVersion: 108.0.5359.125, setWindowRect: true, strictFileInteractability: false, timeouts: {implicit: 0, pageLoad: 300000, script: 30000}, unhandledPromptBehavior: dismiss and notify, webauthn:extension:credBlob: true, webauthn:extension:largeBlob: true, webauthn:virtualAuthenticators: true}
Session ID: f90797441fc46d247f3a6cd3497cb87b
at org.openqa.selenium.remote.codec.w3c.W3CHttpResponseCodec.createException(W3CHttpResponseCodec.java:200)
at org.openqa.selenium.remote.codec.w3c.W3CHttpResponseCodec.decode(W3CHttpResponseCodec.java:133)
at org.openqa.selenium.remote.codec.w3c.W3CHttpResponseCodec.decode(W3CHttpResponseCodec.java:53)
at org.openqa.selenium.remote.HttpCommandExecutor.execute(HttpCommandExecutor.java:184)
at org.openqa.selenium.remote.service.DriverCommandExecutor.invokeExecute(DriverCommandExecutor.java:167)
at org.openqa.selenium.remote.service.DriverCommandExecutor.execute(DriverCommandExecutor.java:142)
at org.openqa.selenium.remote.RemoteWebDriver.execute(RemoteWebDriver.java:541)
at org.openqa.selenium.remote.ElementLocation$ElementFinder$2.findElement(ElementLocation.java:162)
at org.openqa.selenium.remote.ElementLocation.findElement(ElementLocation.java:60)
at org.openqa.selenium.remote.RemoteWebDriver.findElement(RemoteWebDriver.java:365)
at org.openqa.selenium.remote.RemoteWebDriver.findElement(RemoteWebDriver.java:357)
at org.openqa.selenium.support.pagefactory.DefaultElementLocator.findElement(DefaultElementLocator.java:70)
at org.openqa.selenium.support.pagefactory.internal.LocatingElementHandler.invoke(LocatingElementHandler.java:39)
at com.sun.proxy.$Proxy19.click(Unknown Source)
at Pages.Place_order_page.Order(Place_order_page.java:32)
at Flipkart_testcases.Test_10_place_order.order_place(Test_10_place_order.java:31)
at java.base/java.util.ArrayList.forEach(ArrayList.java:1540)
... Removed 31 stack frames]]>
    </failure>
  </testcase> <!-- order_place -->
  <testcase classname="Flipkart_testcases.Test_11_Seller" name="SellerTest" time="10.651"/>
  <testcase classname="Flipkart_testcases.Test_12_travel" name="Test_searchFlight" time="10.851">
    <failure type="org.openqa.selenium.ElementNotInteractableException" message="element not interactable
  (Session info: chrome=108.0.5359.125)
Build info: version: &amp;apos;4.6.0&amp;apos;, revision: &amp;apos;79f1c02ae20&amp;apos;
System info: os.name: &amp;apos;Windows 10&amp;apos;, os.arch: &amp;apos;amd64&amp;apos;, os.version: &amp;apos;10.0&amp;apos;, java.version: &amp;apos;11.0.5&amp;apos;
Driver info: org.openqa.selenium.chrome.ChromeDriver
Command: [f90797441fc46d247f3a6cd3497cb87b, clickElement {id=94913d5b-ec6d-4d07-b80f-ce2fba585d61}]
Capabilities {acceptInsecureCerts: false, browserName: chrome, browserVersion: 108.0.5359.125, chrome: {chromedriverVersion: 108.0.5359.71 (1e0e3868ee06..., userDataDir: C:\Users\PRITAM~1\AppData\L...}, goog:chromeOptions: {debuggerAddress: localhost:53317}, networkConnectionEnabled: false, pageLoadStrategy: normal, platformName: WINDOWS, proxy: Proxy(), se:cdp: ws://localhost:53317/devtoo..., se:cdpVersion: 108.0.5359.125, setWindowRect: true, strictFileInteractability: false, timeouts: {implicit: 0, pageLoad: 300000, script: 30000}, unhandledPromptBehavior: dismiss and notify, webauthn:extension:credBlob: true, webauthn:extension:largeBlob: true, webauthn:virtualAuthenticators: true}
Element: [[ChromeDriver: chrome on WINDOWS (f90797441fc46d247f3a6cd3497cb87b)] -&amp;gt; xpath: //div[contains(text(),&amp;apos;BLR&amp;apos;)]]
Session ID: f90797441fc46d247f3a6cd3497cb87b">
      <![CDATA[org.openqa.selenium.ElementNotInteractableException: element not interactable
  (Session info: chrome=108.0.5359.125)
Build info: version: '4.6.0', revision: '79f1c02ae20'
System info: os.name: 'Windows 10', os.arch: 'amd64', os.version: '10.0', java.version: '11.0.5'
Driver info: org.openqa.selenium.chrome.ChromeDriver
Command: [f90797441fc46d247f3a6cd3497cb87b, clickElement {id=94913d5b-ec6d-4d07-b80f-ce2fba585d61}]
Capabilities {acceptInsecureCerts: false, browserName: chrome, browserVersion: 108.0.5359.125, chrome: {chromedriverVersion: 108.0.5359.71 (1e0e3868ee06..., userDataDir: C:\Users\PRITAM~1\AppData\L...}, goog:chromeOptions: {debuggerAddress: localhost:53317}, networkConnectionEnabled: false, pageLoadStrategy: normal, platformName: WINDOWS, proxy: Proxy(), se:cdp: ws://localhost:53317/devtoo..., se:cdpVersion: 108.0.5359.125, setWindowRect: true, strictFileInteractability: false, timeouts: {implicit: 0, pageLoad: 300000, script: 30000}, unhandledPromptBehavior: dismiss and notify, webauthn:extension:credBlob: true, webauthn:extension:largeBlob: true, webauthn:virtualAuthenticators: true}
Element: [[ChromeDriver: chrome on WINDOWS (f90797441fc46d247f3a6cd3497cb87b)] -> xpath: //div[contains(text(),'BLR')]]
Session ID: f90797441fc46d247f3a6cd3497cb87b
at org.openqa.selenium.remote.codec.w3c.W3CHttpResponseCodec.createException(W3CHttpResponseCodec.java:200)
at org.openqa.selenium.remote.codec.w3c.W3CHttpResponseCodec.decode(W3CHttpResponseCodec.java:133)
at org.openqa.selenium.remote.codec.w3c.W3CHttpResponseCodec.decode(W3CHttpResponseCodec.java:53)
at org.openqa.selenium.remote.HttpCommandExecutor.execute(HttpCommandExecutor.java:184)
at org.openqa.selenium.remote.service.DriverCommandExecutor.invokeExecute(DriverCommandExecutor.java:167)
at org.openqa.selenium.remote.service.DriverCommandExecutor.execute(DriverCommandExecutor.java:142)
at org.openqa.selenium.remote.RemoteWebDriver.execute(RemoteWebDriver.java:541)
at org.openqa.selenium.remote.RemoteWebElement.execute(RemoteWebElement.java:257)
at org.openqa.selenium.remote.RemoteWebElement.click(RemoteWebElement.java:78)
at org.openqa.selenium.support.pagefactory.internal.LocatingElementHandler.invoke(LocatingElementHandler.java:52)
at com.sun.proxy.$Proxy19.click(Unknown Source)
at Pages.TravelPage.To_city(TravelPage.java:78)
at Flipkart_testcases.Test_12_travel.Test_searchFlight(Test_12_travel.java:29)
at java.base/java.util.ArrayList.forEach(ArrayList.java:1540)
... Removed 34 stack frames]]>
    </failure>
  </testcase> <!-- Test_searchFlight -->
  <testcase classname="Flipkart_testcases.Test_13_advertise" name="ad_test" time="18.017"/>
  <testcase classname="Flipkart_testcases.Test_14_careers" name="Careers_Test" time="25.836"/>
  <testcase classname="Flipkart_testcases.Test_15_compare" name="compare_product" time="9.529"/>
  <testcase classname="Flipkart_testcases.Test_16_customer_care" name="Customer_care_test" time="0.005">
    <failure type="java.lang.NullPointerException">
      <![CDATA[java.lang.NullPointerException
at Flipkart_testcases.Test_16_customer_care.Customer_care_test(Test_16_customer_care.java:19)
at java.base/java.util.ArrayList.forEach(ArrayList.java:1540)
... Removed 27 stack frames]]>
    </failure>
  </testcase> <!-- Customer_care_test -->
  <testcase classname="Flipkart_testcases.Test_17_explore_plus" name="Explore" time="13.262"/>
  <testcase classname="Flipkart_testcases.Test_18_flipkart_stories" name="stories" time="40.79"/>
  <testcase classname="Flipkart_testcases.Test_19_flipkart_wholesale" name="wholesale_test" time="8.926"/>
  <testcase classname="Flipkart_testcases.Test_20_footer" name="FacebookFooterTest" time="32.104"/>
  <testcase classname="Common.BaseTest" name="@BeforeSuite launchBrowser" time="0.0">
    <ignored/>
  </testcase> <!-- @BeforeSuite launchBrowser -->
  <testcase classname="Common.BaseTest" name="@BeforeSuite launchBrowser" time="0.0">
    <ignored/>
  </testcase> <!-- @BeforeSuite launchBrowser -->
  <testcase classname="Common.BaseTest" name="@BeforeSuite launchBrowser" time="0.0">
    <ignored/>
  </testcase> <!-- @BeforeSuite launchBrowser -->
  <testcase classname="Common.BaseTest" name="@BeforeSuite launchBrowser" time="0.0">
    <ignored/>
  </testcase> <!-- @BeforeSuite launchBrowser -->
  <testcase classname="Common.BaseTest" name="@BeforeSuite launchBrowser" time="0.0">
    <ignored/>
  </testcase> <!-- @BeforeSuite launchBrowser -->
  <testcase classname="Common.BaseTest" name="@BeforeSuite launchBrowser" time="0.0">
    <ignored/>
  </testcase> <!-- @BeforeSuite launchBrowser -->
  <testcase classname="Common.BaseTest" name="@BeforeSuite launchBrowser" time="0.0">
    <ignored/>
  </testcase> <!-- @BeforeSuite launchBrowser -->
  <testcase classname="Common.BaseTest" name="@BeforeSuite launchBrowser" time="0.0">
    <ignored/>
  </testcase> <!-- @BeforeSuite launchBrowser -->
  <testcase classname="Common.BaseTest" name="@BeforeSuite launchBrowser" time="0.0">
    <ignored/>
  </testcase> <!-- @BeforeSuite launchBrowser -->
  <testcase classname="Common.BaseTest" name="@BeforeSuite launchBrowser" time="0.0">
    <ignored/>
  </testcase> <!-- @BeforeSuite launchBrowser -->
  <testcase classname="Common.BaseTest" name="@BeforeSuite launchBrowser" time="0.0">
    <ignored/>
  </testcase> <!-- @BeforeSuite launchBrowser -->
  <testcase classname="Common.BaseTest" name="@BeforeSuite launchBrowser" time="0.0">
    <ignored/>
  </testcase> <!-- @BeforeSuite launchBrowser -->
  <testcase classname="Common.BaseTest" name="@BeforeSuite launchBrowser" time="0.0">
    <ignored/>
  </testcase> <!-- @BeforeSuite launchBrowser -->
  <testcase classname="Common.BaseTest" name="@BeforeSuite launchBrowser" time="0.0">
    <ignored/>
  </testcase> <!-- @BeforeSuite launchBrowser -->
  <testcase classname="Common.BaseTest" name="@BeforeSuite launchBrowser" time="0.0">
    <ignored/>
  </testcase> <!-- @BeforeSuite launchBrowser -->
  <testcase classname="Common.BaseTest" name="@BeforeSuite launchBrowser" time="0.0">
    <ignored/>
  </testcase> <!-- @BeforeSuite launchBrowser -->
  <testcase classname="Common.BaseTest" name="@BeforeSuite launchBrowser" time="0.0">
    <ignored/>
  </testcase> <!-- @BeforeSuite launchBrowser -->
  <testcase classname="Common.BaseTest" name="@BeforeSuite launchBrowser" time="0.0">
    <ignored/>
  </testcase> <!-- @BeforeSuite launchBrowser -->
  <testcase classname="Common.BaseTest" name="@BeforeSuite launchBrowser" time="0.0">
    <ignored/>
  </testcase> <!-- @BeforeSuite launchBrowser -->
  <testcase classname="Common.BaseTest" name="@AfterSuite Close" time="0.0">
    <ignored/>
  </testcase> <!-- @AfterSuite Close -->
  <testcase classname="Common.BaseTest" name="@AfterSuite Close" time="0.0">
    <ignored/>
  </testcase> <!-- @AfterSuite Close -->
  <testcase classname="Common.BaseTest" name="@AfterSuite Close" time="0.0">
    <ignored/>
  </testcase> <!-- @AfterSuite Close -->
  <testcase classname="Common.BaseTest" name="@AfterSuite Close" time="0.0">
    <ignored/>
  </testcase> <!-- @AfterSuite Close -->
  <testcase classname="Common.BaseTest" name="@AfterSuite Close" time="0.0">
    <ignored/>
  </testcase> <!-- @AfterSuite Close -->
  <testcase classname="Common.BaseTest" name="@AfterSuite Close" time="0.0">
    <ignored/>
  </testcase> <!-- @AfterSuite Close -->
  <testcase classname="Common.BaseTest" name="@AfterSuite Close" time="0.0">
    <ignored/>
  </testcase> <!-- @AfterSuite Close -->
  <testcase classname="Common.BaseTest" name="@AfterSuite Close" time="0.0">
    <ignored/>
  </testcase> <!-- @AfterSuite Close -->
  <testcase classname="Common.BaseTest" name="@AfterSuite Close" time="0.0">
    <ignored/>
  </testcase> <!-- @AfterSuite Close -->
  <testcase classname="Common.BaseTest" name="@AfterSuite Close" time="0.0">
    <ignored/>
  </testcase> <!-- @AfterSuite Close -->
  <testcase classname="Common.BaseTest" name="@AfterSuite Close" time="0.0">
    <ignored/>
  </testcase> <!-- @AfterSuite Close -->
  <testcase classname="Common.BaseTest" name="@AfterSuite Close" time="0.0">
    <ignored/>
  </testcase> <!-- @AfterSuite Close -->
  <testcase classname="Common.BaseTest" name="@AfterSuite Close" time="0.0">
    <ignored/>
  </testcase> <!-- @AfterSuite Close -->
  <testcase classname="Common.BaseTest" name="@AfterSuite Close" time="0.0">
    <ignored/>
  </testcase> <!-- @AfterSuite Close -->
  <testcase classname="Common.BaseTest" name="@AfterSuite Close" time="0.0">
    <ignored/>
  </testcase> <!-- @AfterSuite Close -->
  <testcase classname="Common.BaseTest" name="@AfterSuite Close" time="0.0">
    <ignored/>
  </testcase> <!-- @AfterSuite Close -->
  <testcase classname="Common.BaseTest" name="@AfterSuite Close" time="0.0">
    <ignored/>
  </testcase> <!-- @AfterSuite Close -->
  <testcase classname="Common.BaseTest" name="@AfterSuite Close" time="0.0">
    <ignored/>
  </testcase> <!-- @AfterSuite Close -->
  <testcase classname="Common.BaseTest" name="@AfterSuite Close" time="0.0">
    <ignored/>
  </testcase> <!-- @AfterSuite Close -->
</testsuite> <!-- Test -->
