<!DOCTYPE html PUBLIC "-//W3C//DTD XHTML 1.1//EN" "http://www.w3.org/TR/xhtml11/DTD/xhtml11.dtd">
<html xmlns="http://www.w3.org/1999/xhtml">
<head>
<meta http-equiv="content-type" content="text/html; charset=UTF-8"/>
<title>TestNG Report</title>
<style type="text/css">table {margin-bottom:10px;border-collapse:collapse;empty-cells:show}th,td {border:1px solid #009;padding:.25em .5em}th {vertical-align:bottom}td {vertical-align:top}table a {font-weight:bold}.stripe td {background-color: #E6EBF9}.num {text-align:right}.passedodd td {background-color: #3F3}.passedeven td {background-color: #0A0}.skippedodd td {background-color: #DDD}.skippedeven td {background-color: #CCC}.failedodd td,.attn {background-color: #F33}.failedeven td,.stripe .attn {background-color: #D00}.stacktrace {white-space:pre;font-family:monospace}.totop {font-size:85%;text-align:center;border-bottom:2px solid #000}.invisible {display:none}</style>
</head>
<body>
<table>
<tr><th>Test</th><th># Passed</th><th># Skipped</th><th># Retried</th><th># Failed</th><th>Time (ms)</th><th>Included Groups</th><th>Excluded Groups</th></tr>
<tr><th colspan="8">Surefire suite</th></tr>
<tr><td><a href="#t0">Surefire test</a></td><td class="num">15</td><td class="num">0</td><td class="num">0</td><td class="num attn">4</td><td class="num">331,541</td><td></td><td></td></tr>
</table>
<table id='summary'><thead><tr><th>Class</th><th>Method</th><th>Start</th><th>Time (ms)</th></tr></thead><tbody><tr><th colspan="4">Surefire suite</th></tr></tbody><tbody id="t0"><tr><th colspan="4">Surefire test &#8212; failed</th></tr><tr class="failedeven"><td rowspan="1">Flipkart_testcases.Test_07_grocery</td><td><a href="#m0">grocery_test</a></td><td rowspan="1">1673314188095</td><td rowspan="1">5174</td></tr><tr class="failedodd"><td rowspan="1">Flipkart_testcases.Test_10_place_order</td><td><a href="#m1">order_place</a></td><td rowspan="1">1673314221220</td><td rowspan="1">13609</td></tr><tr class="failedeven"><td rowspan="1">Flipkart_testcases.Test_12_travel</td><td><a href="#m2">Test_searchFlight</a></td><td rowspan="1">1673314246141</td><td rowspan="1">10651</td></tr><tr class="failedodd"><td rowspan="1">Flipkart_testcases.Test_16_customer_care</td><td><a href="#m3">Customer_care_test</a></td><td rowspan="1">1673314316081</td><td rowspan="1">8</td></tr><tr><th colspan="4">Surefire test &#8212; passed</th></tr><tr class="passedeven"><td rowspan="1">Flipkart_testcases.Test_02_login</td><td><a href="#m4">login</a></td><td rowspan="1">1673314130142</td><td rowspan="1">323</td></tr><tr class="passedodd"><td rowspan="1">Flipkart_testcases.Test_03_search_product</td><td><a href="#m5">search</a></td><td rowspan="1">1673314131747</td><td rowspan="1">1344</td></tr><tr class="passedeven"><td rowspan="1">Flipkart_testcases.Test_04_add_to_cart</td><td><a href="#m6">addToCart</a></td><td rowspan="1">1673314134147</td><td rowspan="1">8609</td></tr><tr class="passedodd"><td rowspan="1">Flipkart_testcases.Test_05_giftCards</td><td><a href="#m7">GiftCardTest</a></td><td rowspan="1">1673314143745</td><td rowspan="1">28837</td></tr><tr class="passedeven"><td rowspan="1">Flipkart_testcases.Test_06_grocery_basket</td><td><a href="#m8">grocery_basket</a></td><td rowspan="1">1673314173658</td><td rowspan="1">13263</td></tr><tr class="passedodd"><td rowspan="1">Flipkart_testcases.Test_08_mobiles</td><td><a href="#m9">Mobile_TestCase</a></td><td rowspan="1">1673314194553</td><td rowspan="1">16298</td></tr><tr class="passedeven"><td rowspan="1">Flipkart_testcases.Test_09_mouse_hover</td><td><a href="#m10">Hover</a></td><td rowspan="1">1673314211908</td><td rowspan="1">8305</td></tr><tr class="passedodd"><td rowspan="1">Flipkart_testcases.Test_11_Seller</td><td><a href="#m11">SellerTest</a></td><td rowspan="1">1673314236307</td><td rowspan="1">8586</td></tr><tr class="passedeven"><td rowspan="1">Flipkart_testcases.Test_13_advertise</td><td><a href="#m12">ad_test</a></td><td rowspan="1">1673314258349</td><td rowspan="1">17630</td></tr><tr class="passedodd"><td rowspan="1">Flipkart_testcases.Test_14_careers</td><td><a href="#m13">Careers_Test</a></td><td rowspan="1">1673314277091</td><td rowspan="1">26973</td></tr><tr class="passedeven"><td rowspan="1">Flipkart_testcases.Test_15_compare</td><td><a href="#m14">compare_product</a></td><td rowspan="1">1673314305204</td><td rowspan="1">9769</td></tr><tr class="passedodd"><td rowspan="1">Flipkart_testcases.Test_17_explore_plus</td><td><a href="#m15">Explore</a></td><td rowspan="1">1673314318814</td><td rowspan="1">13137</td></tr><tr class="passedeven"><td rowspan="1">Flipkart_testcases.Test_18_flipkart_stories</td><td><a href="#m16">stories</a></td><td rowspan="1">1673314333139</td><td rowspan="1">40907</td></tr><tr class="passedodd"><td rowspan="1">Flipkart_testcases.Test_19_flipkart_wholesale</td><td><a href="#m17">wholesale_test</a></td><td rowspan="1">1673314375239</td><td rowspan="1">8770</td></tr><tr class="passedeven"><td rowspan="1">Flipkart_testcases.Test_20_footer</td><td><a href="#m18">FacebookFooterTest</a></td><td rowspan="1">1673314385239</td><td rowspan="1">32536</td></tr></tbody>
</table>
<h2>Surefire test</h2><h3 id="m0">Flipkart_testcases.Test_07_grocery#grocery_test</h3><table class="result"><tr><th>Exception</th></tr><tr><td><div class="stacktrace">org.openqa.selenium.NoSuchElementException: no such element: Unable to locate element: {&quot;method&quot;:&quot;xpath&quot;,&quot;selector&quot;:&quot;//*[@id=&quot;container&quot;]/div/div[1]/div[1]/div[2]/div[3]/div[2]/div/div[2]/div[2]/div/div/div[1]/form/input&quot;}
  (Session info: chrome=108.0.5359.125)
For documentation on this error, please visit: https://selenium.dev/exceptions/#no_such_element
Build info: version: &apos;4.6.0&apos;, revision: &apos;79f1c02ae20&apos;
System info: os.name: &apos;Windows 11&apos;, os.arch: &apos;amd64&apos;, os.version: &apos;10.0&apos;, java.version: &apos;11.0.15&apos;
Driver info: org.openqa.selenium.chrome.ChromeDriver
Command: [6cb67fabfc7de3faff1845d80335732f, findElement {using=xpath, value=//*[@id=&quot;container&quot;]/div/div[1]/div[1]/div[2]/div[3]/div[2]/div/div[2]/div[2]/div/div/div[1]/form/input}]
Capabilities {acceptInsecureCerts: false, browserName: chrome, browserVersion: 108.0.5359.125, chrome: {chromedriverVersion: 108.0.5359.71 (1e0e3868ee06..., userDataDir: C:\Users\PRITAM~1\AppData\L...}, goog:chromeOptions: {debuggerAddress: localhost:55101}, networkConnectionEnabled: false, pageLoadStrategy: normal, platformName: WINDOWS, proxy: Proxy(), se:cdp: ws://localhost:55101/devtoo..., se:cdpVersion: 108.0.5359.125, setWindowRect: true, strictFileInteractability: false, timeouts: {implicit: 0, pageLoad: 300000, script: 30000}, unhandledPromptBehavior: dismiss and notify, webauthn:extension:credBlob: true, webauthn:extension:largeBlob: true, webauthn:virtualAuthenticators: true}
Session ID: 6cb67fabfc7de3faff1845d80335732f
	at org.openqa.selenium.remote.codec.w3c.W3CHttpResponseCodec.createException(W3CHttpResponseCodec.java:200)
	at org.openqa.selenium.remote.codec.w3c.W3CHttpResponseCodec.decode(W3CHttpResponseCodec.java:133)
	at org.openqa.selenium.remote.codec.w3c.W3CHttpResponseCodec.decode(W3CHttpResponseCodec.java:53)
	at org.openqa.selenium.remote.HttpCommandExecutor.execute(HttpCommandExecutor.java:184)
	at org.openqa.selenium.remote.service.DriverCommandExecutor.invokeExecute(DriverCommandExecutor.java:167)
	at org.openqa.selenium.remote.service.DriverCommandExecutor.execute(DriverCommandExecutor.java:142)
	at org.openqa.selenium.remote.RemoteWebDriver.execute(RemoteWebDriver.java:541)
	at org.openqa.selenium.remote.ElementLocation$ElementFinder$2.findElement(ElementLocation.java:162)
	at org.openqa.selenium.remote.ElementLocation.findElement(ElementLocation.java:60)
	at org.openqa.selenium.remote.RemoteWebDriver.findElement(RemoteWebDriver.java:365)
	at org.openqa.selenium.remote.RemoteWebDriver.findElement(RemoteWebDriver.java:357)
	at org.openqa.selenium.support.pagefactory.DefaultElementLocator.findElement(DefaultElementLocator.java:70)
	at org.openqa.selenium.support.pagefactory.internal.LocatingElementHandler.invoke(LocatingElementHandler.java:39)
	at com.sun.proxy.$Proxy16.sendKeys(Unknown Source)
	at Pages.GroceryPage.enter_pin(GroceryPage.java:38)
	at Flipkart_testcases.Test_07_grocery.grocery_test(Test_07_grocery.java:24)
	at java.base/java.util.ArrayList.forEach(ArrayList.java:1541)
... Removed 36 stack frames</div></td></tr></table><p class="totop"><a href="#summary">back to summary</a></p>
<h3 id="m1">Flipkart_testcases.Test_10_place_order#order_place</h3><table class="result"><tr><th>Exception</th></tr><tr><td><div class="stacktrace">org.openqa.selenium.NoSuchElementException: no such element: Unable to locate element: {&quot;method&quot;:&quot;css selector&quot;,&quot;selector&quot;:&quot;div._1Er18h div._6t1WkM._3HqJxg div._1YokD2._2GoDe3.col-12-12 div._1YokD2._3Mn1Gg:nth-child(1) div._1YokD2._3Mn1Gg.col-12-12 div._1AtVbE.col-12-12:nth-child(3) div.zab8Yh._10k93p div.nZz3kj._1hNI6F div._1uc2IE div._3dY_ZR &gt; button._23FHuj:nth-child(3)&quot;}
  (Session info: chrome=108.0.5359.125)
For documentation on this error, please visit: https://selenium.dev/exceptions/#no_such_element
Build info: version: &apos;4.6.0&apos;, revision: &apos;79f1c02ae20&apos;
System info: os.name: &apos;Windows 11&apos;, os.arch: &apos;amd64&apos;, os.version: &apos;10.0&apos;, java.version: &apos;11.0.15&apos;
Driver info: org.openqa.selenium.chrome.ChromeDriver
Command: [6cb67fabfc7de3faff1845d80335732f, findElement {using=css selector, value=div._1Er18h div._6t1WkM._3HqJxg div._1YokD2._2GoDe3.col-12-12 div._1YokD2._3Mn1Gg:nth-child(1) div._1YokD2._3Mn1Gg.col-12-12 div._1AtVbE.col-12-12:nth-child(3) div.zab8Yh._10k93p div.nZz3kj._1hNI6F div._1uc2IE div._3dY_ZR &gt; button._23FHuj:nth-child(3)}]
Capabilities {acceptInsecureCerts: false, browserName: chrome, browserVersion: 108.0.5359.125, chrome: {chromedriverVersion: 108.0.5359.71 (1e0e3868ee06..., userDataDir: C:\Users\PRITAM~1\AppData\L...}, goog:chromeOptions: {debuggerAddress: localhost:55101}, networkConnectionEnabled: false, pageLoadStrategy: normal, platformName: WINDOWS, proxy: Proxy(), se:cdp: ws://localhost:55101/devtoo..., se:cdpVersion: 108.0.5359.125, setWindowRect: true, strictFileInteractability: false, timeouts: {implicit: 0, pageLoad: 300000, script: 30000}, unhandledPromptBehavior: dismiss and notify, webauthn:extension:credBlob: true, webauthn:extension:largeBlob: true, webauthn:virtualAuthenticators: true}
Session ID: 6cb67fabfc7de3faff1845d80335732f
	at org.openqa.selenium.remote.codec.w3c.W3CHttpResponseCodec.createException(W3CHttpResponseCodec.java:200)
	at org.openqa.selenium.remote.codec.w3c.W3CHttpResponseCodec.decode(W3CHttpResponseCodec.java:133)
	at org.openqa.selenium.remote.codec.w3c.W3CHttpResponseCodec.decode(W3CHttpResponseCodec.java:53)
	at org.openqa.selenium.remote.HttpCommandExecutor.execute(HttpCommandExecutor.java:184)
	at org.openqa.selenium.remote.service.DriverCommandExecutor.invokeExecute(DriverCommandExecutor.java:167)
	at org.openqa.selenium.remote.service.DriverCommandExecutor.execute(DriverCommandExecutor.java:142)
	at org.openqa.selenium.remote.RemoteWebDriver.execute(RemoteWebDriver.java:541)
	at org.openqa.selenium.remote.ElementLocation$ElementFinder$2.findElement(ElementLocation.java:162)
	at org.openqa.selenium.remote.ElementLocation.findElement(ElementLocation.java:60)
	at org.openqa.selenium.remote.RemoteWebDriver.findElement(RemoteWebDriver.java:365)
	at org.openqa.selenium.remote.RemoteWebDriver.findElement(RemoteWebDriver.java:357)
	at org.openqa.selenium.support.pagefactory.DefaultElementLocator.findElement(DefaultElementLocator.java:70)
	at org.openqa.selenium.support.pagefactory.internal.LocatingElementHandler.invoke(LocatingElementHandler.java:39)
	at com.sun.proxy.$Proxy16.click(Unknown Source)
	at Pages.Place_order_page.Order(Place_order_page.java:32)
	at Flipkart_testcases.Test_10_place_order.order_place(Test_10_place_order.java:31)
	at java.base/java.util.ArrayList.forEach(ArrayList.java:1541)
... Removed 36 stack frames</div></td></tr></table><p class="totop"><a href="#summary">back to summary</a></p>
<h3 id="m2">Flipkart_testcases.Test_12_travel#Test_searchFlight</h3><table class="result"><tr><th>Exception</th></tr><tr><td><div class="stacktrace">org.openqa.selenium.ElementNotInteractableException: element not interactable
  (Session info: chrome=108.0.5359.125)
Build info: version: &apos;4.6.0&apos;, revision: &apos;79f1c02ae20&apos;
System info: os.name: &apos;Windows 11&apos;, os.arch: &apos;amd64&apos;, os.version: &apos;10.0&apos;, java.version: &apos;11.0.15&apos;
Driver info: org.openqa.selenium.chrome.ChromeDriver
Command: [6cb67fabfc7de3faff1845d80335732f, clickElement {id=d1dfbe5a-c9b2-4115-93ee-bbf904a39d76}]
Capabilities {acceptInsecureCerts: false, browserName: chrome, browserVersion: 108.0.5359.125, chrome: {chromedriverVersion: 108.0.5359.71 (1e0e3868ee06..., userDataDir: C:\Users\PRITAM~1\AppData\L...}, goog:chromeOptions: {debuggerAddress: localhost:55101}, networkConnectionEnabled: false, pageLoadStrategy: normal, platformName: WINDOWS, proxy: Proxy(), se:cdp: ws://localhost:55101/devtoo..., se:cdpVersion: 108.0.5359.125, setWindowRect: true, strictFileInteractability: false, timeouts: {implicit: 0, pageLoad: 300000, script: 30000}, unhandledPromptBehavior: dismiss and notify, webauthn:extension:credBlob: true, webauthn:extension:largeBlob: true, webauthn:virtualAuthenticators: true}
Element: [[ChromeDriver: chrome on WINDOWS (6cb67fabfc7de3faff1845d80335732f)] -&gt; xpath: //div[contains(text(),&apos;BLR&apos;)]]
Session ID: 6cb67fabfc7de3faff1845d80335732f
	at org.openqa.selenium.remote.codec.w3c.W3CHttpResponseCodec.createException(W3CHttpResponseCodec.java:200)
	at org.openqa.selenium.remote.codec.w3c.W3CHttpResponseCodec.decode(W3CHttpResponseCodec.java:133)
	at org.openqa.selenium.remote.codec.w3c.W3CHttpResponseCodec.decode(W3CHttpResponseCodec.java:53)
	at org.openqa.selenium.remote.HttpCommandExecutor.execute(HttpCommandExecutor.java:184)
	at org.openqa.selenium.remote.service.DriverCommandExecutor.invokeExecute(DriverCommandExecutor.java:167)
	at org.openqa.selenium.remote.service.DriverCommandExecutor.execute(DriverCommandExecutor.java:142)
	at org.openqa.selenium.remote.RemoteWebDriver.execute(RemoteWebDriver.java:541)
	at org.openqa.selenium.remote.RemoteWebElement.execute(RemoteWebElement.java:257)
	at org.openqa.selenium.remote.RemoteWebElement.click(RemoteWebElement.java:78)
	at org.openqa.selenium.support.pagefactory.internal.LocatingElementHandler.invoke(LocatingElementHandler.java:52)
	at com.sun.proxy.$Proxy16.click(Unknown Source)
	at Pages.TravelPage.To_city(TravelPage.java:78)
	at Flipkart_testcases.Test_12_travel.Test_searchFlight(Test_12_travel.java:29)
	at java.base/java.util.ArrayList.forEach(ArrayList.java:1541)
... Removed 39 stack frames</div></td></tr></table><p class="totop"><a href="#summary">back to summary</a></p>
<h3 id="m3">Flipkart_testcases.Test_16_customer_care#Customer_care_test</h3><table class="result"><tr><th>Exception</th></tr><tr><td><div class="stacktrace">java.lang.NullPointerException
	at Flipkart_testcases.Test_16_customer_care.Customer_care_test(Test_16_customer_care.java:19)
	at java.base/java.util.ArrayList.forEach(ArrayList.java:1541)
... Removed 32 stack frames</div></td></tr></table><p class="totop"><a href="#summary">back to summary</a></p>
<h3 id="m4">Flipkart_testcases.Test_02_login#login</h3><table class="result"><tr><th class="invisible"/></tr></table><p class="totop"><a href="#summary">back to summary</a></p>
<h3 id="m5">Flipkart_testcases.Test_03_search_product#search</h3><table class="result"><tr><th class="invisible"/></tr></table><p class="totop"><a href="#summary">back to summary</a></p>
<h3 id="m6">Flipkart_testcases.Test_04_add_to_cart#addToCart</h3><table class="result"><tr><th class="invisible"/></tr></table><p class="totop"><a href="#summary">back to summary</a></p>
<h3 id="m7">Flipkart_testcases.Test_05_giftCards#GiftCardTest</h3><table class="result"><tr><th class="invisible"/></tr></table><p class="totop"><a href="#summary">back to summary</a></p>
<h3 id="m8">Flipkart_testcases.Test_06_grocery_basket#grocery_basket</h3><table class="result"><tr><th class="invisible"/></tr></table><p class="totop"><a href="#summary">back to summary</a></p>
<h3 id="m9">Flipkart_testcases.Test_08_mobiles#Mobile_TestCase</h3><table class="result"><tr><th class="invisible"/></tr></table><p class="totop"><a href="#summary">back to summary</a></p>
<h3 id="m10">Flipkart_testcases.Test_09_mouse_hover#Hover</h3><table class="result"><tr><th class="invisible"/></tr></table><p class="totop"><a href="#summary">back to summary</a></p>
<h3 id="m11">Flipkart_testcases.Test_11_Seller#SellerTest</h3><table class="result"><tr><th class="invisible"/></tr></table><p class="totop"><a href="#summary">back to summary</a></p>
<h3 id="m12">Flipkart_testcases.Test_13_advertise#ad_test</h3><table class="result"><tr><th class="invisible"/></tr></table><p class="totop"><a href="#summary">back to summary</a></p>
<h3 id="m13">Flipkart_testcases.Test_14_careers#Careers_Test</h3><table class="result"><tr><th class="invisible"/></tr></table><p class="totop"><a href="#summary">back to summary</a></p>
<h3 id="m14">Flipkart_testcases.Test_15_compare#compare_product</h3><table class="result"><tr><th class="invisible"/></tr></table><p class="totop"><a href="#summary">back to summary</a></p>
<h3 id="m15">Flipkart_testcases.Test_17_explore_plus#Explore</h3><table class="result"><tr><th class="invisible"/></tr></table><p class="totop"><a href="#summary">back to summary</a></p>
<h3 id="m16">Flipkart_testcases.Test_18_flipkart_stories#stories</h3><table class="result"><tr><th class="invisible"/></tr></table><p class="totop"><a href="#summary">back to summary</a></p>
<h3 id="m17">Flipkart_testcases.Test_19_flipkart_wholesale#wholesale_test</h3><table class="result"><tr><th class="invisible"/></tr></table><p class="totop"><a href="#summary">back to summary</a></p>
<h3 id="m18">Flipkart_testcases.Test_20_footer#FacebookFooterTest</h3><table class="result"><tr><th class="invisible"/></tr></table><p class="totop"><a href="#summary">back to summary</a></p>
</body>
</html>
