<?xml version="1.0" encoding="UTF-8"?>
<testng-results ignored="38" total="58" passed="16" failed="4" skipped="0">
  <reporter-output>
  </reporter-output>
  <suite started-at="2023-01-10T06:37:38 IST" name="Suite" finished-at="2023-01-10T06:43:11 IST" duration-ms="332995">
    <groups>
    </groups>
    <test started-at="2023-01-10T06:37:38 IST" name="Test" finished-at="2023-01-10T06:43:11 IST" duration-ms="332995">
      <class name="Flipkart_testcases.Test_18_flipkart_stories">
        <test-method is-config="true" signature="launchurl(java.lang.reflect.Method)[pri:0, instance:Flipkart_testcases.Test_18_flipkart_stories@2d72f75e]" started-at="2023-01-10T06:41:45 IST" name="launchurl" finished-at="2023-01-10T06:41:47 IST" duration-ms="1285" status="PASS">
          <params>
            <param index="0">
              <value>
                <![CDATA[public void Flipkart_testcases.Test_18_flipkart_stories.stories() throws java.lang.InterruptedException]]>
              </value>
            </param>
          </params>
          <reporter-output>
          </reporter-output>
        </test-method> <!-- launchurl -->
        <test-method signature="stories()[pri:0, instance:Flipkart_testcases.Test_18_flipkart_stories@2d72f75e]" started-at="2023-01-10T06:41:47 IST" name="stories" finished-at="2023-01-10T06:42:27 IST" duration-ms="40790" status="PASS">
          <reporter-output>
          </reporter-output>
        </test-method> <!-- stories -->
        <test-method is-config="true" signature="CloseBrowser(org.testng.ITestResult)[pri:0, instance:Flipkart_testcases.Test_18_flipkart_stories@2d72f75e]" started-at="2023-01-10T06:42:27 IST" name="CloseBrowser" finished-at="2023-01-10T06:42:27 IST" duration-ms="0" status="PASS">
          <params>
            <param index="0">
              <value>
                <![CDATA[[TestResult name=stories status=SUCCESS method=Test_18_flipkart_stories.stories()[pri:0, instance:Flipkart_testcases.Test_18_flipkart_stories@2d72f75e] output={null}]]]>
              </value>
            </param>
          </params>
          <reporter-output>
          </reporter-output>
        </test-method> <!-- CloseBrowser -->
      </class> <!-- Flipkart_testcases.Test_18_flipkart_stories -->
      <class name="Flipkart_testcases.Test_07_grocery">
        <test-method is-config="true" signature="launchurl(java.lang.reflect.Method)[pri:0, instance:Flipkart_testcases.Test_07_grocery@641856]" started-at="2023-01-10T06:39:19 IST" name="launchurl" finished-at="2023-01-10T06:39:21 IST" duration-ms="1299" status="PASS">
          <params>
            <param index="0">
              <value>
                <![CDATA[public void Flipkart_testcases.Test_07_grocery.grocery_test() throws java.lang.InterruptedException]]>
              </value>
            </param>
          </params>
          <reporter-output>
          </reporter-output>
        </test-method> <!-- launchurl -->
        <test-method signature="grocery_test()[pri:0, instance:Flipkart_testcases.Test_07_grocery@641856]" started-at="2023-01-10T06:39:21 IST" name="grocery_test" finished-at="2023-01-10T06:39:26 IST" duration-ms="5201" status="FAIL">
          <exception class="org.openqa.selenium.NoSuchElementException">
            <message>
              <![CDATA[no such element: Unable to locate element: {"method":"xpath","selector":"//*[@id="container"]/div/div[1]/div[1]/div[2]/div[3]/div[2]/div/div[2]/div[2]/div/div/div[1]/form/input"}
  (Session info: chrome=108.0.5359.125)
For documentation on this error, please visit: https://selenium.dev/exceptions/#no_such_element
Build info: version: '4.6.0', revision: '79f1c02ae20'
System info: os.name: 'Windows 10', os.arch: 'amd64', os.version: '10.0', java.version: '11.0.5'
Driver info: org.openqa.selenium.chrome.ChromeDriver
Command: [f90797441fc46d247f3a6cd3497cb87b, findElement {using=xpath, value=//*[@id="container"]/div/div[1]/div[1]/div[2]/div[3]/div[2]/div/div[2]/div[2]/div/div/div[1]/form/input}]
Capabilities {acceptInsecureCerts: false, browserName: chrome, browserVersion: 108.0.5359.125, chrome: {chromedriverVersion: 108.0.5359.71 (1e0e3868ee06..., userDataDir: C:\Users\PRITAM~1\AppData\L...}, goog:chromeOptions: {debuggerAddress: localhost:53317}, networkConnectionEnabled: false, pageLoadStrategy: normal, platformName: WINDOWS, proxy: Proxy(), se:cdp: ws://localhost:53317/devtoo..., se:cdpVersion: 108.0.5359.125, setWindowRect: true, strictFileInteractability: false, timeouts: {implicit: 0, pageLoad: 300000, script: 30000}, unhandledPromptBehavior: dismiss and notify, webauthn:extension:credBlob: true, webauthn:extension:largeBlob: true, webauthn:virtualAuthenticators: true}
Session ID: f90797441fc46d247f3a6cd3497cb87b]]>
            </message>
            <full-stacktrace>
              <![CDATA[org.openqa.selenium.NoSuchElementException: no such element: Unable to locate element: {"method":"xpath","selector":"//*[@id="container"]/div/div[1]/div[1]/div[2]/div[3]/div[2]/div/div[2]/div[2]/div/div/div[1]/form/input"}
  (Session info: chrome=108.0.5359.125)
For documentation on this error, please visit: https://selenium.dev/exceptions/#no_such_element
Build info: version: '4.6.0', revision: '79f1c02ae20'
System info: os.name: 'Windows 10', os.arch: 'amd64', os.version: '10.0', java.version: '11.0.5'
Driver info: org.openqa.selenium.chrome.ChromeDriver
Command: [f90797441fc46d247f3a6cd3497cb87b, findElement {using=xpath, value=//*[@id="container"]/div/div[1]/div[1]/div[2]/div[3]/div[2]/div/div[2]/div[2]/div/div/div[1]/form/input}]
Capabilities {acceptInsecureCerts: false, browserName: chrome, browserVersion: 108.0.5359.125, chrome: {chromedriverVersion: 108.0.5359.71 (1e0e3868ee06..., userDataDir: C:\Users\PRITAM~1\AppData\L...}, goog:chromeOptions: {debuggerAddress: localhost:53317}, networkConnectionEnabled: false, pageLoadStrategy: normal, platformName: WINDOWS, proxy: Proxy(), se:cdp: ws://localhost:53317/devtoo..., se:cdpVersion: 108.0.5359.125, setWindowRect: true, strictFileInteractability: false, timeouts: {implicit: 0, pageLoad: 300000, script: 30000}, unhandledPromptBehavior: dismiss and notify, webauthn:extension:credBlob: true, webauthn:extension:largeBlob: true, webauthn:virtualAuthenticators: true}
Session ID: f90797441fc46d247f3a6cd3497cb87b
at java.base/jdk.internal.reflect.NativeConstructorAccessorImpl.newInstance0(Native Method)
at java.base/jdk.internal.reflect.NativeConstructorAccessorImpl.newInstance(NativeConstructorAccessorImpl.java:62)
at java.base/jdk.internal.reflect.DelegatingConstructorAccessorImpl.newInstance(DelegatingConstructorAccessorImpl.java:45)
at java.base/java.lang.reflect.Constructor.newInstance(Constructor.java:490)
at org.openqa.selenium.remote.codec.w3c.W3CHttpResponseCodec.createException(W3CHttpResponseCodec.java:200)
at org.openqa.selenium.remote.codec.w3c.W3CHttpResponseCodec.decode(W3CHttpResponseCodec.java:133)
at org.openqa.selenium.remote.codec.w3c.W3CHttpResponseCodec.decode(W3CHttpResponseCodec.java:53)
at org.openqa.selenium.remote.HttpCommandExecutor.execute(HttpCommandExecutor.java:184)
at org.openqa.selenium.remote.service.DriverCommandExecutor.invokeExecute(DriverCommandExecutor.java:167)
at org.openqa.selenium.remote.service.DriverCommandExecutor.execute(DriverCommandExecutor.java:142)
at org.openqa.selenium.remote.RemoteWebDriver.execute(RemoteWebDriver.java:541)
at org.openqa.selenium.remote.ElementLocation$ElementFinder$2.findElement(ElementLocation.java:162)
at org.openqa.selenium.remote.ElementLocation.findElement(ElementLocation.java:60)
at org.openqa.selenium.remote.RemoteWebDriver.findElement(RemoteWebDriver.java:365)
at org.openqa.selenium.remote.RemoteWebDriver.findElement(RemoteWebDriver.java:357)
at org.openqa.selenium.support.pagefactory.DefaultElementLocator.findElement(DefaultElementLocator.java:70)
at org.openqa.selenium.support.pagefactory.internal.LocatingElementHandler.invoke(LocatingElementHandler.java:39)
at com.sun.proxy.$Proxy19.sendKeys(Unknown Source)
at Pages.GroceryPage.enter_pin(GroceryPage.java:38)
at Flipkart_testcases.Test_07_grocery.grocery_test(Test_07_grocery.java:24)
at java.base/jdk.internal.reflect.NativeMethodAccessorImpl.invoke0(Native Method)
at java.base/jdk.internal.reflect.NativeMethodAccessorImpl.invoke(NativeMethodAccessorImpl.java:62)
at java.base/jdk.internal.reflect.DelegatingMethodAccessorImpl.invoke(DelegatingMethodAccessorImpl.java:43)
at java.base/java.lang.reflect.Method.invoke(Method.java:566)
at org.testng.internal.MethodInvocationHelper.invokeMethod(MethodInvocationHelper.java:133)
at org.testng.internal.TestInvoker.invokeMethod(TestInvoker.java:598)
at org.testng.internal.TestInvoker.invokeTestMethod(TestInvoker.java:173)
at org.testng.internal.MethodRunner.runInSequence(MethodRunner.java:46)
at org.testng.internal.TestInvoker$MethodInvocationAgent.invoke(TestInvoker.java:824)
at org.testng.internal.TestInvoker.invokeTestMethods(TestInvoker.java:146)
at org.testng.internal.TestMethodWorker.invokeTestMethods(TestMethodWorker.java:146)
at org.testng.internal.TestMethodWorker.run(TestMethodWorker.java:128)
at java.base/java.util.ArrayList.forEach(ArrayList.java:1540)
at org.testng.TestRunner.privateRun(TestRunner.java:794)
at org.testng.TestRunner.run(TestRunner.java:596)
at org.testng.SuiteRunner.runTest(SuiteRunner.java:377)
at org.testng.SuiteRunner.runSequentially(SuiteRunner.java:371)
at org.testng.SuiteRunner.privateRun(SuiteRunner.java:332)
at org.testng.SuiteRunner.run(SuiteRunner.java:276)
at org.testng.SuiteRunnerWorker.runSuite(SuiteRunnerWorker.java:53)
at org.testng.SuiteRunnerWorker.run(SuiteRunnerWorker.java:96)
at org.testng.TestNG.runSuitesSequentially(TestNG.java:1212)
at org.testng.TestNG.runSuitesLocally(TestNG.java:1134)
at org.testng.TestNG.runSuites(TestNG.java:1063)
at org.testng.TestNG.run(TestNG.java:1031)
at org.testng.remote.AbstractRemoteTestNG.run(AbstractRemoteTestNG.java:115)
at org.testng.remote.RemoteTestNG.initAndRun(RemoteTestNG.java:251)
at org.testng.remote.RemoteTestNG.main(RemoteTestNG.java:77)
]]>
            </full-stacktrace>
          </exception> <!-- org.openqa.selenium.NoSuchElementException -->
          <reporter-output>
          </reporter-output>
        </test-method> <!-- grocery_test -->
        <test-method is-config="true" signature="CloseBrowser(org.testng.ITestResult)[pri:0, instance:Flipkart_testcases.Test_07_grocery@641856]" started-at="2023-01-10T06:39:26 IST" name="CloseBrowser" finished-at="2023-01-10T06:39:26 IST" duration-ms="377" status="PASS">
          <params>
            <param index="0">
              <value>
                <![CDATA[[TestResult name=grocery_test status=FAILURE method=Test_07_grocery.grocery_test()[pri:0, instance:Flipkart_testcases.Test_07_grocery@641856] output={null}]]]>
              </value>
            </param>
          </params>
          <reporter-output>
          </reporter-output>
        </test-method> <!-- CloseBrowser -->
      </class> <!-- Flipkart_testcases.Test_07_grocery -->
      <class name="Flipkart_testcases.Test_02_login">
        <test-method is-config="true" signature="launchBrowser()[pri:0, instance:Flipkart_testcases.Test_02_login@226f885f]" started-at="2023-01-10T06:37:35 IST" name="launchBrowser" finished-at="2023-01-10T06:37:38 IST" duration-ms="2818" status="PASS">
          <reporter-output>
          </reporter-output>
        </test-method> <!-- launchBrowser -->
        <test-method is-config="true" signature="launchurl(java.lang.reflect.Method)[pri:0, instance:Flipkart_testcases.Test_02_login@226f885f]" started-at="2023-01-10T06:37:38 IST" name="launchurl" finished-at="2023-01-10T06:38:22 IST" duration-ms="43783" status="PASS">
          <params>
            <param index="0">
              <value>
                <![CDATA[public void Flipkart_testcases.Test_02_login.login()]]>
              </value>
            </param>
          </params>
          <reporter-output>
          </reporter-output>
        </test-method> <!-- launchurl -->
        <test-method signature="login()[pri:0, instance:Flipkart_testcases.Test_02_login@226f885f]" started-at="2023-01-10T06:38:22 IST" name="login" finished-at="2023-01-10T06:38:22 IST" duration-ms="331" status="PASS">
          <reporter-output>
          </reporter-output>
        </test-method> <!-- login -->
        <test-method is-config="true" signature="CloseBrowser(org.testng.ITestResult)[pri:0, instance:Flipkart_testcases.Test_02_login@226f885f]" started-at="2023-01-10T06:38:22 IST" name="CloseBrowser" finished-at="2023-01-10T06:38:22 IST" duration-ms="4" status="PASS">
          <params>
            <param index="0">
              <value>
                <![CDATA[[TestResult name=login status=SUCCESS method=Test_02_login.login()[pri:0, instance:Flipkart_testcases.Test_02_login@226f885f] output={null}]]]>
              </value>
            </param>
          </params>
          <reporter-output>
          </reporter-output>
        </test-method> <!-- CloseBrowser -->
        <test-method is-config="true" signature="Close()[pri:0, instance:Flipkart_testcases.Test_02_login@226f885f]" started-at="2023-01-10T06:43:11 IST" name="Close" finished-at="2023-01-10T06:43:13 IST" duration-ms="1572" status="PASS">
          <reporter-output>
          </reporter-output>
        </test-method> <!-- Close -->
      </class> <!-- Flipkart_testcases.Test_02_login -->
      <class name="Flipkart_testcases.Test_05_giftCards">
        <test-method is-config="true" signature="launchurl(java.lang.reflect.Method)[pri:0, instance:Flipkart_testcases.Test_05_giftCards@5ebd56e9]" started-at="2023-01-10T06:38:36 IST" name="launchurl" finished-at="2023-01-10T06:38:36 IST" duration-ms="965" status="PASS">
          <params>
            <param index="0">
              <value>
                <![CDATA[public void Flipkart_testcases.Test_05_giftCards.GiftCardTest() throws java.lang.InterruptedException]]>
              </value>
            </param>
          </params>
          <reporter-output>
          </reporter-output>
        </test-method> <!-- launchurl -->
        <test-method signature="GiftCardTest()[pri:0, instance:Flipkart_testcases.Test_05_giftCards@5ebd56e9]" started-at="2023-01-10T06:38:36 IST" name="GiftCardTest" finished-at="2023-01-10T06:39:05 IST" duration-ms="28822" status="PASS">
          <reporter-output>
          </reporter-output>
        </test-method> <!-- GiftCardTest -->
        <test-method is-config="true" signature="CloseBrowser(org.testng.ITestResult)[pri:0, instance:Flipkart_testcases.Test_05_giftCards@5ebd56e9]" started-at="2023-01-10T06:39:05 IST" name="CloseBrowser" finished-at="2023-01-10T06:39:05 IST" duration-ms="0" status="PASS">
          <params>
            <param index="0">
              <value>
                <![CDATA[[TestResult name=GiftCardTest status=SUCCESS method=Test_05_giftCards.GiftCardTest()[pri:0, instance:Flipkart_testcases.Test_05_giftCards@5ebd56e9] output={null}]]]>
              </value>
            </param>
          </params>
          <reporter-output>
          </reporter-output>
        </test-method> <!-- CloseBrowser -->
      </class> <!-- Flipkart_testcases.Test_05_giftCards -->
      <class name="Flipkart_testcases.Test_10_place_order">
        <test-method is-config="true" signature="launchurl(java.lang.reflect.Method)[pri:0, instance:Flipkart_testcases.Test_10_place_order@2a492f2a]" started-at="2023-01-10T06:39:53 IST" name="launchurl" finished-at="2023-01-10T06:39:54 IST" duration-ms="1165" status="PASS">
          <params>
            <param index="0">
              <value>
                <![CDATA[public void Flipkart_testcases.Test_10_place_order.order_place() throws java.lang.InterruptedException]]>
              </value>
            </param>
          </params>
          <reporter-output>
          </reporter-output>
        </test-method> <!-- launchurl -->
        <test-method signature="order_place()[pri:0, instance:Flipkart_testcases.Test_10_place_order@2a492f2a]" started-at="2023-01-10T06:39:54 IST" name="order_place" finished-at="2023-01-10T06:40:07 IST" duration-ms="13596" status="FAIL">
          <exception class="org.openqa.selenium.NoSuchElementException">
            <message>
              <![CDATA[no such element: Unable to locate element: {"method":"css selector","selector":"div._1Er18h div._6t1WkM._3HqJxg div._1YokD2._2GoDe3.col-12-12 div._1YokD2._3Mn1Gg:nth-child(1) div._1YokD2._3Mn1Gg.col-12-12 div._1AtVbE.col-12-12:nth-child(3) div.zab8Yh._10k93p div.nZz3kj._1hNI6F div._1uc2IE div._3dY_ZR > button._23FHuj:nth-child(3)"}
  (Session info: chrome=108.0.5359.125)
For documentation on this error, please visit: https://selenium.dev/exceptions/#no_such_element
Build info: version: '4.6.0', revision: '79f1c02ae20'
System info: os.name: 'Windows 10', os.arch: 'amd64', os.version: '10.0', java.version: '11.0.5'
Driver info: org.openqa.selenium.chrome.ChromeDriver
Command: [f90797441fc46d247f3a6cd3497cb87b, findElement {using=css selector, value=div._1Er18h div._6t1WkM._3HqJxg div._1YokD2._2GoDe3.col-12-12 div._1YokD2._3Mn1Gg:nth-child(1) div._1YokD2._3Mn1Gg.col-12-12 div._1AtVbE.col-12-12:nth-child(3) div.zab8Yh._10k93p div.nZz3kj._1hNI6F div._1uc2IE div._3dY_ZR > button._23FHuj:nth-child(3)}]
Capabilities {acceptInsecureCerts: false, browserName: chrome, browserVersion: 108.0.5359.125, chrome: {chromedriverVersion: 108.0.5359.71 (1e0e3868ee06..., userDataDir: C:\Users\PRITAM~1\AppData\L...}, goog:chromeOptions: {debuggerAddress: localhost:53317}, networkConnectionEnabled: false, pageLoadStrategy: normal, platformName: WINDOWS, proxy: Proxy(), se:cdp: ws://localhost:53317/devtoo..., se:cdpVersion: 108.0.5359.125, setWindowRect: true, strictFileInteractability: false, timeouts: {implicit: 0, pageLoad: 300000, script: 30000}, unhandledPromptBehavior: dismiss and notify, webauthn:extension:credBlob: true, webauthn:extension:largeBlob: true, webauthn:virtualAuthenticators: true}
Session ID: f90797441fc46d247f3a6cd3497cb87b]]>
            </message>
            <full-stacktrace>
              <![CDATA[org.openqa.selenium.NoSuchElementException: no such element: Unable to locate element: {"method":"css selector","selector":"div._1Er18h div._6t1WkM._3HqJxg div._1YokD2._2GoDe3.col-12-12 div._1YokD2._3Mn1Gg:nth-child(1) div._1YokD2._3Mn1Gg.col-12-12 div._1AtVbE.col-12-12:nth-child(3) div.zab8Yh._10k93p div.nZz3kj._1hNI6F div._1uc2IE div._3dY_ZR > button._23FHuj:nth-child(3)"}
  (Session info: chrome=108.0.5359.125)
For documentation on this error, please visit: https://selenium.dev/exceptions/#no_such_element
Build info: version: '4.6.0', revision: '79f1c02ae20'
System info: os.name: 'Windows 10', os.arch: 'amd64', os.version: '10.0', java.version: '11.0.5'
Driver info: org.openqa.selenium.chrome.ChromeDriver
Command: [f90797441fc46d247f3a6cd3497cb87b, findElement {using=css selector, value=div._1Er18h div._6t1WkM._3HqJxg div._1YokD2._2GoDe3.col-12-12 div._1YokD2._3Mn1Gg:nth-child(1) div._1YokD2._3Mn1Gg.col-12-12 div._1AtVbE.col-12-12:nth-child(3) div.zab8Yh._10k93p div.nZz3kj._1hNI6F div._1uc2IE div._3dY_ZR > button._23FHuj:nth-child(3)}]
Capabilities {acceptInsecureCerts: false, browserName: chrome, browserVersion: 108.0.5359.125, chrome: {chromedriverVersion: 108.0.5359.71 (1e0e3868ee06..., userDataDir: C:\Users\PRITAM~1\AppData\L...}, goog:chromeOptions: {debuggerAddress: localhost:53317}, networkConnectionEnabled: false, pageLoadStrategy: normal, platformName: WINDOWS, proxy: Proxy(), se:cdp: ws://localhost:53317/devtoo..., se:cdpVersion: 108.0.5359.125, setWindowRect: true, strictFileInteractability: false, timeouts: {implicit: 0, pageLoad: 300000, script: 30000}, unhandledPromptBehavior: dismiss and notify, webauthn:extension:credBlob: true, webauthn:extension:largeBlob: true, webauthn:virtualAuthenticators: true}
Session ID: f90797441fc46d247f3a6cd3497cb87b
at java.base/jdk.internal.reflect.NativeConstructorAccessorImpl.newInstance0(Native Method)
at java.base/jdk.internal.reflect.NativeConstructorAccessorImpl.newInstance(NativeConstructorAccessorImpl.java:62)
at java.base/jdk.internal.reflect.DelegatingConstructorAccessorImpl.newInstance(DelegatingConstructorAccessorImpl.java:45)
at java.base/java.lang.reflect.Constructor.newInstance(Constructor.java:490)
at org.openqa.selenium.remote.codec.w3c.W3CHttpResponseCodec.createException(W3CHttpResponseCodec.java:200)
at org.openqa.selenium.remote.codec.w3c.W3CHttpResponseCodec.decode(W3CHttpResponseCodec.java:133)
at org.openqa.selenium.remote.codec.w3c.W3CHttpResponseCodec.decode(W3CHttpResponseCodec.java:53)
at org.openqa.selenium.remote.HttpCommandExecutor.execute(HttpCommandExecutor.java:184)
at org.openqa.selenium.remote.service.DriverCommandExecutor.invokeExecute(DriverCommandExecutor.java:167)
at org.openqa.selenium.remote.service.DriverCommandExecutor.execute(DriverCommandExecutor.java:142)
at org.openqa.selenium.remote.RemoteWebDriver.execute(RemoteWebDriver.java:541)
at org.openqa.selenium.remote.ElementLocation$ElementFinder$2.findElement(ElementLocation.java:162)
at org.openqa.selenium.remote.ElementLocation.findElement(ElementLocation.java:60)
at org.openqa.selenium.remote.RemoteWebDriver.findElement(RemoteWebDriver.java:365)
at org.openqa.selenium.remote.RemoteWebDriver.findElement(RemoteWebDriver.java:357)
at org.openqa.selenium.support.pagefactory.DefaultElementLocator.findElement(DefaultElementLocator.java:70)
at org.openqa.selenium.support.pagefactory.internal.LocatingElementHandler.invoke(LocatingElementHandler.java:39)
at com.sun.proxy.$Proxy19.click(Unknown Source)
at Pages.Place_order_page.Order(Place_order_page.java:32)
at Flipkart_testcases.Test_10_place_order.order_place(Test_10_place_order.java:31)
at java.base/jdk.internal.reflect.NativeMethodAccessorImpl.invoke0(Native Method)
at java.base/jdk.internal.reflect.NativeMethodAccessorImpl.invoke(NativeMethodAccessorImpl.java:62)
at java.base/jdk.internal.reflect.DelegatingMethodAccessorImpl.invoke(DelegatingMethodAccessorImpl.java:43)
at java.base/java.lang.reflect.Method.invoke(Method.java:566)
at org.testng.internal.MethodInvocationHelper.invokeMethod(MethodInvocationHelper.java:133)
at org.testng.internal.TestInvoker.invokeMethod(TestInvoker.java:598)
at org.testng.internal.TestInvoker.invokeTestMethod(TestInvoker.java:173)
at org.testng.internal.MethodRunner.runInSequence(MethodRunner.java:46)
at org.testng.internal.TestInvoker$MethodInvocationAgent.invoke(TestInvoker.java:824)
at org.testng.internal.TestInvoker.invokeTestMethods(TestInvoker.java:146)
at org.testng.internal.TestMethodWorker.invokeTestMethods(TestMethodWorker.java:146)
at org.testng.internal.TestMethodWorker.run(TestMethodWorker.java:128)
at java.base/java.util.ArrayList.forEach(ArrayList.java:1540)
at org.testng.TestRunner.privateRun(TestRunner.java:794)
at org.testng.TestRunner.run(TestRunner.java:596)
at org.testng.SuiteRunner.runTest(SuiteRunner.java:377)
at org.testng.SuiteRunner.runSequentially(SuiteRunner.java:371)
at org.testng.SuiteRunner.privateRun(SuiteRunner.java:332)
at org.testng.SuiteRunner.run(SuiteRunner.java:276)
at org.testng.SuiteRunnerWorker.runSuite(SuiteRunnerWorker.java:53)
at org.testng.SuiteRunnerWorker.run(SuiteRunnerWorker.java:96)
at org.testng.TestNG.runSuitesSequentially(TestNG.java:1212)
at org.testng.TestNG.runSuitesLocally(TestNG.java:1134)
at org.testng.TestNG.runSuites(TestNG.java:1063)
at org.testng.TestNG.run(TestNG.java:1031)
at org.testng.remote.AbstractRemoteTestNG.run(AbstractRemoteTestNG.java:115)
at org.testng.remote.RemoteTestNG.initAndRun(RemoteTestNG.java:251)
at org.testng.remote.RemoteTestNG.main(RemoteTestNG.java:77)
]]>
            </full-stacktrace>
          </exception> <!-- org.openqa.selenium.NoSuchElementException -->
          <reporter-output>
          </reporter-output>
        </test-method> <!-- order_place -->
        <test-method is-config="true" signature="CloseBrowser(org.testng.ITestResult)[pri:0, instance:Flipkart_testcases.Test_10_place_order@2a492f2a]" started-at="2023-01-10T06:40:07 IST" name="CloseBrowser" finished-at="2023-01-10T06:40:08 IST" duration-ms="292" status="PASS">
          <params>
            <param index="0">
              <value>
                <![CDATA[[TestResult name=order_place status=FAILURE method=Test_10_place_order.order_place()[pri:0, instance:Flipkart_testcases.Test_10_place_order@2a492f2a] output={null}]]]>
              </value>
            </param>
          </params>
          <reporter-output>
          </reporter-output>
        </test-method> <!-- CloseBrowser -->
      </class> <!-- Flipkart_testcases.Test_10_place_order -->
      <class name="Flipkart_testcases.Test_20_footer">
        <test-method is-config="true" signature="launchurl(java.lang.reflect.Method)[pri:0, instance:Flipkart_testcases.Test_20_footer@5aa0dbf4]" started-at="2023-01-10T06:42:38 IST" name="launchurl" finished-at="2023-01-10T06:42:39 IST" duration-ms="1183" status="PASS">
          <params>
            <param index="0">
              <value>
                <![CDATA[public void Flipkart_testcases.Test_20_footer.FacebookFooterTest() throws java.lang.InterruptedException]]>
              </value>
            </param>
          </params>
          <reporter-output>
          </reporter-output>
        </test-method> <!-- launchurl -->
        <test-method signature="FacebookFooterTest()[pri:0, instance:Flipkart_testcases.Test_20_footer@5aa0dbf4]" started-at="2023-01-10T06:42:39 IST" name="FacebookFooterTest" finished-at="2023-01-10T06:43:11 IST" duration-ms="32104" status="PASS">
          <reporter-output>
          </reporter-output>
        </test-method> <!-- FacebookFooterTest -->
        <test-method is-config="true" signature="CloseBrowser(org.testng.ITestResult)[pri:0, instance:Flipkart_testcases.Test_20_footer@5aa0dbf4]" started-at="2023-01-10T06:43:11 IST" name="CloseBrowser" finished-at="2023-01-10T06:43:11 IST" duration-ms="1" status="PASS">
          <params>
            <param index="0">
              <value>
                <![CDATA[[TestResult name=FacebookFooterTest status=SUCCESS method=Test_20_footer.FacebookFooterTest()[pri:0, instance:Flipkart_testcases.Test_20_footer@5aa0dbf4] output={null}]]]>
              </value>
            </param>
          </params>
          <reporter-output>
          </reporter-output>
        </test-method> <!-- CloseBrowser -->
      </class> <!-- Flipkart_testcases.Test_20_footer -->
      <class name="Flipkart_testcases.Test_19_flipkart_wholesale">
        <test-method is-config="true" signature="launchurl(java.lang.reflect.Method)[pri:0, instance:Flipkart_testcases.Test_19_flipkart_wholesale@8ab78bc]" started-at="2023-01-10T06:42:27 IST" name="launchurl" finished-at="2023-01-10T06:42:29 IST" duration-ms="1405" status="PASS">
          <params>
            <param index="0">
              <value>
                <![CDATA[public void Flipkart_testcases.Test_19_flipkart_wholesale.wholesale_test() throws java.lang.InterruptedException]]>
              </value>
            </param>
          </params>
          <reporter-output>
          </reporter-output>
        </test-method> <!-- launchurl -->
        <test-method signature="wholesale_test()[pri:0, instance:Flipkart_testcases.Test_19_flipkart_wholesale@8ab78bc]" started-at="2023-01-10T06:42:29 IST" name="wholesale_test" finished-at="2023-01-10T06:42:38 IST" duration-ms="8926" status="PASS">
          <reporter-output>
          </reporter-output>
        </test-method> <!-- wholesale_test -->
        <test-method is-config="true" signature="CloseBrowser(org.testng.ITestResult)[pri:0, instance:Flipkart_testcases.Test_19_flipkart_wholesale@8ab78bc]" started-at="2023-01-10T06:42:38 IST" name="CloseBrowser" finished-at="2023-01-10T06:42:38 IST" duration-ms="0" status="PASS">
          <params>
            <param index="0">
              <value>
                <![CDATA[[TestResult name=wholesale_test status=SUCCESS method=Test_19_flipkart_wholesale.wholesale_test()[pri:0, instance:Flipkart_testcases.Test_19_flipkart_wholesale@8ab78bc] output={null}]]]>
              </value>
            </param>
          </params>
          <reporter-output>
          </reporter-output>
        </test-method> <!-- CloseBrowser -->
      </class> <!-- Flipkart_testcases.Test_19_flipkart_wholesale -->
      <class name="Flipkart_testcases.Test_06_grocery_basket">
        <test-method is-config="true" signature="launchurl(java.lang.reflect.Method)[pri:0, instance:Flipkart_testcases.Test_06_grocery_basket@63f34b70]" started-at="2023-01-10T06:39:05 IST" name="launchurl" finished-at="2023-01-10T06:39:06 IST" duration-ms="1042" status="PASS">
          <params>
            <param index="0">
              <value>
                <![CDATA[public void Flipkart_testcases.Test_06_grocery_basket.grocery_basket() throws java.lang.InterruptedException]]>
              </value>
            </param>
          </params>
          <reporter-output>
          </reporter-output>
        </test-method> <!-- launchurl -->
        <test-method signature="grocery_basket()[pri:0, instance:Flipkart_testcases.Test_06_grocery_basket@63f34b70]" started-at="2023-01-10T06:39:06 IST" name="grocery_basket" finished-at="2023-01-10T06:39:19 IST" duration-ms="12864" status="PASS">
          <reporter-output>
          </reporter-output>
        </test-method> <!-- grocery_basket -->
        <test-method is-config="true" signature="CloseBrowser(org.testng.ITestResult)[pri:0, instance:Flipkart_testcases.Test_06_grocery_basket@63f34b70]" started-at="2023-01-10T06:39:19 IST" name="CloseBrowser" finished-at="2023-01-10T06:39:19 IST" duration-ms="1" status="PASS">
          <params>
            <param index="0">
              <value>
                <![CDATA[[TestResult name=grocery_basket status=SUCCESS method=Test_06_grocery_basket.grocery_basket()[pri:0, instance:Flipkart_testcases.Test_06_grocery_basket@63f34b70] output={null}]]]>
              </value>
            </param>
          </params>
          <reporter-output>
          </reporter-output>
        </test-method> <!-- CloseBrowser -->
      </class> <!-- Flipkart_testcases.Test_06_grocery_basket -->
      <class name="Flipkart_testcases.Test_08_mobiles">
        <test-method is-config="true" signature="launchurl(java.lang.reflect.Method)[pri:0, instance:Flipkart_testcases.Test_08_mobiles@56b78e55]" started-at="2023-01-10T06:39:26 IST" name="launchurl" finished-at="2023-01-10T06:39:27 IST" duration-ms="1114" status="PASS">
          <params>
            <param index="0">
              <value>
                <![CDATA[public void Flipkart_testcases.Test_08_mobiles.Mobile_TestCase() throws java.lang.InterruptedException]]>
              </value>
            </param>
          </params>
          <reporter-output>
          </reporter-output>
        </test-method> <!-- launchurl -->
        <test-method signature="Mobile_TestCase()[pri:0, instance:Flipkart_testcases.Test_08_mobiles@56b78e55]" started-at="2023-01-10T06:39:27 IST" name="Mobile_TestCase" finished-at="2023-01-10T06:39:43 IST" duration-ms="16050" status="PASS">
          <reporter-output>
          </reporter-output>
        </test-method> <!-- Mobile_TestCase -->
        <test-method is-config="true" signature="CloseBrowser(org.testng.ITestResult)[pri:0, instance:Flipkart_testcases.Test_08_mobiles@56b78e55]" started-at="2023-01-10T06:39:43 IST" name="CloseBrowser" finished-at="2023-01-10T06:39:43 IST" duration-ms="1" status="PASS">
          <params>
            <param index="0">
              <value>
                <![CDATA[[TestResult name=Mobile_TestCase status=SUCCESS method=Test_08_mobiles.Mobile_TestCase()[pri:0, instance:Flipkart_testcases.Test_08_mobiles@56b78e55] output={null}]]]>
              </value>
            </param>
          </params>
          <reporter-output>
          </reporter-output>
        </test-method> <!-- CloseBrowser -->
      </class> <!-- Flipkart_testcases.Test_08_mobiles -->
      <class name="Flipkart_testcases.Test_04_add_to_cart">
        <test-method is-config="true" signature="launchurl(java.lang.reflect.Method)[pri:0, instance:Flipkart_testcases.Test_04_add_to_cart@2427e004]" started-at="2023-01-10T06:38:26 IST" name="launchurl" finished-at="2023-01-10T06:38:27 IST" duration-ms="1030" status="PASS">
          <params>
            <param index="0">
              <value>
                <![CDATA[public void Flipkart_testcases.Test_04_add_to_cart.addToCart() throws java.lang.InterruptedException]]>
              </value>
            </param>
          </params>
          <reporter-output>
          </reporter-output>
        </test-method> <!-- launchurl -->
        <test-method signature="addToCart()[pri:0, instance:Flipkart_testcases.Test_04_add_to_cart@2427e004]" started-at="2023-01-10T06:38:27 IST" name="addToCart" finished-at="2023-01-10T06:38:36 IST" duration-ms="8719" status="PASS">
          <reporter-output>
          </reporter-output>
        </test-method> <!-- addToCart -->
        <test-method is-config="true" signature="CloseBrowser(org.testng.ITestResult)[pri:0, instance:Flipkart_testcases.Test_04_add_to_cart@2427e004]" started-at="2023-01-10T06:38:36 IST" name="CloseBrowser" finished-at="2023-01-10T06:38:36 IST" duration-ms="0" status="PASS">
          <params>
            <param index="0">
              <value>
                <![CDATA[[TestResult name=addToCart status=SUCCESS method=Test_04_add_to_cart.addToCart()[pri:0, instance:Flipkart_testcases.Test_04_add_to_cart@2427e004] output={null}]]]>
              </value>
            </param>
          </params>
          <reporter-output>
          </reporter-output>
        </test-method> <!-- CloseBrowser -->
      </class> <!-- Flipkart_testcases.Test_04_add_to_cart -->
      <class name="Flipkart_testcases.Test_12_travel">
        <test-method is-config="true" signature="launchurl(java.lang.reflect.Method)[pri:0, instance:Flipkart_testcases.Test_12_travel@585811a4]" started-at="2023-01-10T06:40:20 IST" name="launchurl" finished-at="2023-01-10T06:40:21 IST" duration-ms="1219" status="PASS">
          <params>
            <param index="0">
              <value>
                <![CDATA[public void Flipkart_testcases.Test_12_travel.Test_searchFlight() throws java.lang.InterruptedException]]>
              </value>
            </param>
          </params>
          <reporter-output>
          </reporter-output>
        </test-method> <!-- launchurl -->
        <test-method signature="Test_searchFlight()[pri:0, instance:Flipkart_testcases.Test_12_travel@585811a4]" started-at="2023-01-10T06:40:21 IST" name="Test_searchFlight" finished-at="2023-01-10T06:40:32 IST" duration-ms="10851" status="FAIL">
          <exception class="org.openqa.selenium.ElementNotInteractableException">
            <message>
              <![CDATA[element not interactable
  (Session info: chrome=108.0.5359.125)
Build info: version: '4.6.0', revision: '79f1c02ae20'
System info: os.name: 'Windows 10', os.arch: 'amd64', os.version: '10.0', java.version: '11.0.5'
Driver info: org.openqa.selenium.chrome.ChromeDriver
Command: [f90797441fc46d247f3a6cd3497cb87b, clickElement {id=94913d5b-ec6d-4d07-b80f-ce2fba585d61}]
Capabilities {acceptInsecureCerts: false, browserName: chrome, browserVersion: 108.0.5359.125, chrome: {chromedriverVersion: 108.0.5359.71 (1e0e3868ee06..., userDataDir: C:\Users\PRITAM~1\AppData\L...}, goog:chromeOptions: {debuggerAddress: localhost:53317}, networkConnectionEnabled: false, pageLoadStrategy: normal, platformName: WINDOWS, proxy: Proxy(), se:cdp: ws://localhost:53317/devtoo..., se:cdpVersion: 108.0.5359.125, setWindowRect: true, strictFileInteractability: false, timeouts: {implicit: 0, pageLoad: 300000, script: 30000}, unhandledPromptBehavior: dismiss and notify, webauthn:extension:credBlob: true, webauthn:extension:largeBlob: true, webauthn:virtualAuthenticators: true}
Element: [[ChromeDriver: chrome on WINDOWS (f90797441fc46d247f3a6cd3497cb87b)] -> xpath: //div[contains(text(),'BLR')]]
Session ID: f90797441fc46d247f3a6cd3497cb87b]]>
            </message>
            <full-stacktrace>
              <![CDATA[org.openqa.selenium.ElementNotInteractableException: element not interactable
  (Session info: chrome=108.0.5359.125)
Build info: version: '4.6.0', revision: '79f1c02ae20'
System info: os.name: 'Windows 10', os.arch: 'amd64', os.version: '10.0', java.version: '11.0.5'
Driver info: org.openqa.selenium.chrome.ChromeDriver
Command: [f90797441fc46d247f3a6cd3497cb87b, clickElement {id=94913d5b-ec6d-4d07-b80f-ce2fba585d61}]
Capabilities {acceptInsecureCerts: false, browserName: chrome, browserVersion: 108.0.5359.125, chrome: {chromedriverVersion: 108.0.5359.71 (1e0e3868ee06..., userDataDir: C:\Users\PRITAM~1\AppData\L...}, goog:chromeOptions: {debuggerAddress: localhost:53317}, networkConnectionEnabled: false, pageLoadStrategy: normal, platformName: WINDOWS, proxy: Proxy(), se:cdp: ws://localhost:53317/devtoo..., se:cdpVersion: 108.0.5359.125, setWindowRect: true, strictFileInteractability: false, timeouts: {implicit: 0, pageLoad: 300000, script: 30000}, unhandledPromptBehavior: dismiss and notify, webauthn:extension:credBlob: true, webauthn:extension:largeBlob: true, webauthn:virtualAuthenticators: true}
Element: [[ChromeDriver: chrome on WINDOWS (f90797441fc46d247f3a6cd3497cb87b)] -> xpath: //div[contains(text(),'BLR')]]
Session ID: f90797441fc46d247f3a6cd3497cb87b
at java.base/jdk.internal.reflect.NativeConstructorAccessorImpl.newInstance0(Native Method)
at java.base/jdk.internal.reflect.NativeConstructorAccessorImpl.newInstance(NativeConstructorAccessorImpl.java:62)
at java.base/jdk.internal.reflect.DelegatingConstructorAccessorImpl.newInstance(DelegatingConstructorAccessorImpl.java:45)
at java.base/java.lang.reflect.Constructor.newInstance(Constructor.java:490)
at org.openqa.selenium.remote.codec.w3c.W3CHttpResponseCodec.createException(W3CHttpResponseCodec.java:200)
at org.openqa.selenium.remote.codec.w3c.W3CHttpResponseCodec.decode(W3CHttpResponseCodec.java:133)
at org.openqa.selenium.remote.codec.w3c.W3CHttpResponseCodec.decode(W3CHttpResponseCodec.java:53)
at org.openqa.selenium.remote.HttpCommandExecutor.execute(HttpCommandExecutor.java:184)
at org.openqa.selenium.remote.service.DriverCommandExecutor.invokeExecute(DriverCommandExecutor.java:167)
at org.openqa.selenium.remote.service.DriverCommandExecutor.execute(DriverCommandExecutor.java:142)
at org.openqa.selenium.remote.RemoteWebDriver.execute(RemoteWebDriver.java:541)
at org.openqa.selenium.remote.RemoteWebElement.execute(RemoteWebElement.java:257)
at org.openqa.selenium.remote.RemoteWebElement.click(RemoteWebElement.java:78)
at jdk.internal.reflect.GeneratedMethodAccessor6.invoke(Unknown Source)
at java.base/jdk.internal.reflect.DelegatingMethodAccessorImpl.invoke(DelegatingMethodAccessorImpl.java:43)
at java.base/java.lang.reflect.Method.invoke(Method.java:566)
at org.openqa.selenium.support.pagefactory.internal.LocatingElementHandler.invoke(LocatingElementHandler.java:52)
at com.sun.proxy.$Proxy19.click(Unknown Source)
at Pages.TravelPage.To_city(TravelPage.java:78)
at Flipkart_testcases.Test_12_travel.Test_searchFlight(Test_12_travel.java:29)
at java.base/jdk.internal.reflect.NativeMethodAccessorImpl.invoke0(Native Method)
at java.base/jdk.internal.reflect.NativeMethodAccessorImpl.invoke(NativeMethodAccessorImpl.java:62)
at java.base/jdk.internal.reflect.DelegatingMethodAccessorImpl.invoke(DelegatingMethodAccessorImpl.java:43)
at java.base/java.lang.reflect.Method.invoke(Method.java:566)
at org.testng.internal.MethodInvocationHelper.invokeMethod(MethodInvocationHelper.java:133)
at org.testng.internal.TestInvoker.invokeMethod(TestInvoker.java:598)
at org.testng.internal.TestInvoker.invokeTestMethod(TestInvoker.java:173)
at org.testng.internal.MethodRunner.runInSequence(MethodRunner.java:46)
at org.testng.internal.TestInvoker$MethodInvocationAgent.invoke(TestInvoker.java:824)
at org.testng.internal.TestInvoker.invokeTestMethods(TestInvoker.java:146)
at org.testng.internal.TestMethodWorker.invokeTestMethods(TestMethodWorker.java:146)
at org.testng.internal.TestMethodWorker.run(TestMethodWorker.java:128)
at java.base/java.util.ArrayList.forEach(ArrayList.java:1540)
at org.testng.TestRunner.privateRun(TestRunner.java:794)
at org.testng.TestRunner.run(TestRunner.java:596)
at org.testng.SuiteRunner.runTest(SuiteRunner.java:377)
at org.testng.SuiteRunner.runSequentially(SuiteRunner.java:371)
at org.testng.SuiteRunner.privateRun(SuiteRunner.java:332)
at org.testng.SuiteRunner.run(SuiteRunner.java:276)
at org.testng.SuiteRunnerWorker.runSuite(SuiteRunnerWorker.java:53)
at org.testng.SuiteRunnerWorker.run(SuiteRunnerWorker.java:96)
at org.testng.TestNG.runSuitesSequentially(TestNG.java:1212)
at org.testng.TestNG.runSuitesLocally(TestNG.java:1134)
at org.testng.TestNG.runSuites(TestNG.java:1063)
at org.testng.TestNG.run(TestNG.java:1031)
at org.testng.remote.AbstractRemoteTestNG.run(AbstractRemoteTestNG.java:115)
at org.testng.remote.RemoteTestNG.initAndRun(RemoteTestNG.java:251)
at org.testng.remote.RemoteTestNG.main(RemoteTestNG.java:77)
]]>
            </full-stacktrace>
          </exception> <!-- org.openqa.selenium.ElementNotInteractableException -->
          <reporter-output>
          </reporter-output>
        </test-method> <!-- Test_searchFlight -->
        <test-method is-config="true" signature="CloseBrowser(org.testng.ITestResult)[pri:0, instance:Flipkart_testcases.Test_12_travel@585811a4]" started-at="2023-01-10T06:40:32 IST" name="CloseBrowser" finished-at="2023-01-10T06:40:32 IST" duration-ms="429" status="PASS">
          <params>
            <param index="0">
              <value>
                <![CDATA[[TestResult name=Test_searchFlight status=FAILURE method=Test_12_travel.Test_searchFlight()[pri:0, instance:Flipkart_testcases.Test_12_travel@585811a4] output={null}]]]>
              </value>
            </param>
          </params>
          <reporter-output>
          </reporter-output>
        </test-method> <!-- CloseBrowser -->
      </class> <!-- Flipkart_testcases.Test_12_travel -->
      <class name="Flipkart_testcases.test_01_verify_title">
        <test-method is-config="true" signature="launchurl(java.lang.reflect.Method)[pri:0, instance:Flipkart_testcases.test_01_verify_title@681aad3b]" started-at="2023-01-10T06:38:22 IST" name="launchurl" finished-at="2023-01-10T06:38:23 IST" duration-ms="1200" status="PASS">
          <params>
            <param index="0">
              <value>
                <![CDATA[public void Flipkart_testcases.test_01_verify_title.TitleVerify()]]>
              </value>
            </param>
          </params>
          <reporter-output>
          </reporter-output>
        </test-method> <!-- launchurl -->
        <test-method signature="TitleVerify()[pri:0, instance:Flipkart_testcases.test_01_verify_title@681aad3b]" started-at="2023-01-10T06:38:23 IST" name="TitleVerify" finished-at="2023-01-10T06:38:23 IST" duration-ms="18" status="PASS">
          <reporter-output>
          </reporter-output>
        </test-method> <!-- TitleVerify -->
        <test-method is-config="true" signature="CloseBrowser(org.testng.ITestResult)[pri:0, instance:Flipkart_testcases.test_01_verify_title@681aad3b]" started-at="2023-01-10T06:38:23 IST" name="CloseBrowser" finished-at="2023-01-10T06:38:23 IST" duration-ms="1" status="PASS">
          <params>
            <param index="0">
              <value>
                <![CDATA[[TestResult name=TitleVerify status=SUCCESS method=test_01_verify_title.TitleVerify()[pri:0, instance:Flipkart_testcases.test_01_verify_title@681aad3b] output={null}]]]>
              </value>
            </param>
          </params>
          <reporter-output>
          </reporter-output>
        </test-method> <!-- CloseBrowser -->
      </class> <!-- Flipkart_testcases.test_01_verify_title -->
      <class name="Flipkart_testcases.Test_11_Seller">
        <test-method is-config="true" signature="launchurl(java.lang.reflect.Method)[pri:0, instance:Flipkart_testcases.Test_11_Seller@3277e499]" started-at="2023-01-10T06:40:08 IST" name="launchurl" finished-at="2023-01-10T06:40:09 IST" duration-ms="1258" status="PASS">
          <params>
            <param index="0">
              <value>
                <![CDATA[public void Flipkart_testcases.Test_11_Seller.SellerTest() throws java.lang.InterruptedException]]>
              </value>
            </param>
          </params>
          <reporter-output>
          </reporter-output>
        </test-method> <!-- launchurl -->
        <test-method signature="SellerTest()[pri:0, instance:Flipkart_testcases.Test_11_Seller@3277e499]" started-at="2023-01-10T06:40:09 IST" name="SellerTest" finished-at="2023-01-10T06:40:20 IST" duration-ms="10651" status="PASS">
          <reporter-output>
          </reporter-output>
        </test-method> <!-- SellerTest -->
        <test-method is-config="true" signature="CloseBrowser(org.testng.ITestResult)[pri:0, instance:Flipkart_testcases.Test_11_Seller@3277e499]" started-at="2023-01-10T06:40:20 IST" name="CloseBrowser" finished-at="2023-01-10T06:40:20 IST" duration-ms="1" status="PASS">
          <params>
            <param index="0">
              <value>
                <![CDATA[[TestResult name=SellerTest status=SUCCESS method=Test_11_Seller.SellerTest()[pri:0, instance:Flipkart_testcases.Test_11_Seller@3277e499] output={null}]]]>
              </value>
            </param>
          </params>
          <reporter-output>
          </reporter-output>
        </test-method> <!-- CloseBrowser -->
      </class> <!-- Flipkart_testcases.Test_11_Seller -->
      <class name="Flipkart_testcases.Test_13_advertise">
        <test-method is-config="true" signature="launchurl(java.lang.reflect.Method)[pri:0, instance:Flipkart_testcases.Test_13_advertise@22c01ab0]" started-at="2023-01-10T06:40:32 IST" name="launchurl" finished-at="2023-01-10T06:40:33 IST" duration-ms="1161" status="PASS">
          <params>
            <param index="0">
              <value>
                <![CDATA[public void Flipkart_testcases.Test_13_advertise.ad_test() throws java.lang.InterruptedException]]>
              </value>
            </param>
          </params>
          <reporter-output>
          </reporter-output>
        </test-method> <!-- launchurl -->
        <test-method signature="ad_test()[pri:0, instance:Flipkart_testcases.Test_13_advertise@22c01ab0]" started-at="2023-01-10T06:40:33 IST" name="ad_test" finished-at="2023-01-10T06:40:51 IST" duration-ms="18017" status="PASS">
          <reporter-output>
          </reporter-output>
        </test-method> <!-- ad_test -->
        <test-method is-config="true" signature="CloseBrowser(org.testng.ITestResult)[pri:0, instance:Flipkart_testcases.Test_13_advertise@22c01ab0]" started-at="2023-01-10T06:40:51 IST" name="CloseBrowser" finished-at="2023-01-10T06:40:51 IST" duration-ms="1" status="PASS">
          <params>
            <param index="0">
              <value>
                <![CDATA[[TestResult name=ad_test status=SUCCESS method=Test_13_advertise.ad_test()[pri:0, instance:Flipkart_testcases.Test_13_advertise@22c01ab0] output={null}]]]>
              </value>
            </param>
          </params>
          <reporter-output>
          </reporter-output>
        </test-method> <!-- CloseBrowser -->
      </class> <!-- Flipkart_testcases.Test_13_advertise -->
      <class name="Flipkart_testcases.Test_14_careers">
        <test-method is-config="true" signature="launchurl(java.lang.reflect.Method)[pri:0, instance:Flipkart_testcases.Test_14_careers@411341bd]" started-at="2023-01-10T06:40:51 IST" name="launchurl" finished-at="2023-01-10T06:40:53 IST" duration-ms="1321" status="PASS">
          <params>
            <param index="0">
              <value>
                <![CDATA[public void Flipkart_testcases.Test_14_careers.Careers_Test() throws java.lang.InterruptedException]]>
              </value>
            </param>
          </params>
          <reporter-output>
          </reporter-output>
        </test-method> <!-- launchurl -->
        <test-method signature="Careers_Test()[pri:0, instance:Flipkart_testcases.Test_14_careers@411341bd]" started-at="2023-01-10T06:40:53 IST" name="Careers_Test" finished-at="2023-01-10T06:41:19 IST" duration-ms="25836" status="PASS">
          <reporter-output>
          </reporter-output>
        </test-method> <!-- Careers_Test -->
        <test-method is-config="true" signature="CloseBrowser(org.testng.ITestResult)[pri:0, instance:Flipkart_testcases.Test_14_careers@411341bd]" started-at="2023-01-10T06:41:19 IST" name="CloseBrowser" finished-at="2023-01-10T06:41:19 IST" duration-ms="0" status="PASS">
          <params>
            <param index="0">
              <value>
                <![CDATA[[TestResult name=Careers_Test status=SUCCESS method=Test_14_careers.Careers_Test()[pri:0, instance:Flipkart_testcases.Test_14_careers@411341bd] output={null}]]]>
              </value>
            </param>
          </params>
          <reporter-output>
          </reporter-output>
        </test-method> <!-- CloseBrowser -->
      </class> <!-- Flipkart_testcases.Test_14_careers -->
      <class name="Flipkart_testcases.Test_16_customer_care">
        <test-method is-config="true" signature="launchurl(java.lang.reflect.Method)[pri:0, instance:Flipkart_testcases.Test_16_customer_care@5400db36]" started-at="2023-01-10T06:41:29 IST" name="launchurl" finished-at="2023-01-10T06:41:30 IST" duration-ms="1185" status="PASS">
          <params>
            <param index="0">
              <value>
                <![CDATA[public void Flipkart_testcases.Test_16_customer_care.Customer_care_test() throws java.lang.InterruptedException]]>
              </value>
            </param>
          </params>
          <reporter-output>
          </reporter-output>
        </test-method> <!-- launchurl -->
        <test-method signature="Customer_care_test()[pri:0, instance:Flipkart_testcases.Test_16_customer_care@5400db36]" started-at="2023-01-10T06:41:30 IST" name="Customer_care_test" finished-at="2023-01-10T06:41:30 IST" duration-ms="5" status="FAIL">
          <exception class="java.lang.NullPointerException">
            <full-stacktrace>
              <![CDATA[java.lang.NullPointerException
at Flipkart_testcases.Test_16_customer_care.Customer_care_test(Test_16_customer_care.java:19)
at java.base/jdk.internal.reflect.NativeMethodAccessorImpl.invoke0(Native Method)
at java.base/jdk.internal.reflect.NativeMethodAccessorImpl.invoke(NativeMethodAccessorImpl.java:62)
at java.base/jdk.internal.reflect.DelegatingMethodAccessorImpl.invoke(DelegatingMethodAccessorImpl.java:43)
at java.base/java.lang.reflect.Method.invoke(Method.java:566)
at org.testng.internal.MethodInvocationHelper.invokeMethod(MethodInvocationHelper.java:133)
at org.testng.internal.TestInvoker.invokeMethod(TestInvoker.java:598)
at org.testng.internal.TestInvoker.invokeTestMethod(TestInvoker.java:173)
at org.testng.internal.MethodRunner.runInSequence(MethodRunner.java:46)
at org.testng.internal.TestInvoker$MethodInvocationAgent.invoke(TestInvoker.java:824)
at org.testng.internal.TestInvoker.invokeTestMethods(TestInvoker.java:146)
at org.testng.internal.TestMethodWorker.invokeTestMethods(TestMethodWorker.java:146)
at org.testng.internal.TestMethodWorker.run(TestMethodWorker.java:128)
at java.base/java.util.ArrayList.forEach(ArrayList.java:1540)
at org.testng.TestRunner.privateRun(TestRunner.java:794)
at org.testng.TestRunner.run(TestRunner.java:596)
at org.testng.SuiteRunner.runTest(SuiteRunner.java:377)
at org.testng.SuiteRunner.runSequentially(SuiteRunner.java:371)
at org.testng.SuiteRunner.privateRun(SuiteRunner.java:332)
at org.testng.SuiteRunner.run(SuiteRunner.java:276)
at org.testng.SuiteRunnerWorker.runSuite(SuiteRunnerWorker.java:53)
at org.testng.SuiteRunnerWorker.run(SuiteRunnerWorker.java:96)
at org.testng.TestNG.runSuitesSequentially(TestNG.java:1212)
at org.testng.TestNG.runSuitesLocally(TestNG.java:1134)
at org.testng.TestNG.runSuites(TestNG.java:1063)
at org.testng.TestNG.run(TestNG.java:1031)
at org.testng.remote.AbstractRemoteTestNG.run(AbstractRemoteTestNG.java:115)
at org.testng.remote.RemoteTestNG.initAndRun(RemoteTestNG.java:251)
at org.testng.remote.RemoteTestNG.main(RemoteTestNG.java:77)
]]>
            </full-stacktrace>
          </exception> <!-- java.lang.NullPointerException -->
          <reporter-output>
          </reporter-output>
        </test-method> <!-- Customer_care_test -->
        <test-method is-config="true" signature="CloseBrowser(org.testng.ITestResult)[pri:0, instance:Flipkart_testcases.Test_16_customer_care@5400db36]" started-at="2023-01-10T06:41:30 IST" name="CloseBrowser" finished-at="2023-01-10T06:41:31 IST" duration-ms="489" status="PASS">
          <params>
            <param index="0">
              <value>
                <![CDATA[[TestResult name=Customer_care_test status=FAILURE method=Test_16_customer_care.Customer_care_test()[pri:0, instance:Flipkart_testcases.Test_16_customer_care@5400db36] output={null}]]]>
              </value>
            </param>
          </params>
          <reporter-output>
          </reporter-output>
        </test-method> <!-- CloseBrowser -->
      </class> <!-- Flipkart_testcases.Test_16_customer_care -->
      <class name="Flipkart_testcases.Test_15_compare">
        <test-method is-config="true" signature="launchurl(java.lang.reflect.Method)[pri:0, instance:Flipkart_testcases.Test_15_compare@4c4d362a]" started-at="2023-01-10T06:41:19 IST" name="launchurl" finished-at="2023-01-10T06:41:20 IST" duration-ms="1195" status="PASS">
          <params>
            <param index="0">
              <value>
                <![CDATA[public void Flipkart_testcases.Test_15_compare.compare_product() throws java.lang.InterruptedException]]>
              </value>
            </param>
          </params>
          <reporter-output>
          </reporter-output>
        </test-method> <!-- launchurl -->
        <test-method signature="compare_product()[pri:0, instance:Flipkart_testcases.Test_15_compare@4c4d362a]" started-at="2023-01-10T06:41:20 IST" name="compare_product" finished-at="2023-01-10T06:41:29 IST" duration-ms="9529" status="PASS">
          <reporter-output>
          </reporter-output>
        </test-method> <!-- compare_product -->
        <test-method is-config="true" signature="CloseBrowser(org.testng.ITestResult)[pri:0, instance:Flipkart_testcases.Test_15_compare@4c4d362a]" started-at="2023-01-10T06:41:29 IST" name="CloseBrowser" finished-at="2023-01-10T06:41:29 IST" duration-ms="1" status="PASS">
          <params>
            <param index="0">
              <value>
                <![CDATA[[TestResult name=compare_product status=SUCCESS method=Test_15_compare.compare_product()[pri:0, instance:Flipkart_testcases.Test_15_compare@4c4d362a] output={null}]]]>
              </value>
            </param>
          </params>
          <reporter-output>
          </reporter-output>
        </test-method> <!-- CloseBrowser -->
      </class> <!-- Flipkart_testcases.Test_15_compare -->
      <class name="Flipkart_testcases.Test_09_mouse_hover">
        <test-method is-config="true" signature="launchurl(java.lang.reflect.Method)[pri:0, instance:Flipkart_testcases.Test_09_mouse_hover@76318a7d]" started-at="2023-01-10T06:39:43 IST" name="launchurl" finished-at="2023-01-10T06:39:44 IST" duration-ms="1215" status="PASS">
          <params>
            <param index="0">
              <value>
                <![CDATA[public void Flipkart_testcases.Test_09_mouse_hover.Hover() throws java.lang.InterruptedException]]>
              </value>
            </param>
          </params>
          <reporter-output>
          </reporter-output>
        </test-method> <!-- launchurl -->
        <test-method signature="Hover()[pri:0, instance:Flipkart_testcases.Test_09_mouse_hover@76318a7d]" started-at="2023-01-10T06:39:44 IST" name="Hover" finished-at="2023-01-10T06:39:53 IST" duration-ms="8257" status="PASS">
          <reporter-output>
          </reporter-output>
        </test-method> <!-- Hover -->
        <test-method is-config="true" signature="CloseBrowser(org.testng.ITestResult)[pri:0, instance:Flipkart_testcases.Test_09_mouse_hover@76318a7d]" started-at="2023-01-10T06:39:53 IST" name="CloseBrowser" finished-at="2023-01-10T06:39:53 IST" duration-ms="1" status="PASS">
          <params>
            <param index="0">
              <value>
                <![CDATA[[TestResult name=Hover status=SUCCESS method=Test_09_mouse_hover.Hover()[pri:0, instance:Flipkart_testcases.Test_09_mouse_hover@76318a7d] output={null}]]]>
              </value>
            </param>
          </params>
          <reporter-output>
          </reporter-output>
        </test-method> <!-- CloseBrowser -->
      </class> <!-- Flipkart_testcases.Test_09_mouse_hover -->
      <class name="Flipkart_testcases.Test_17_explore_plus">
        <test-method is-config="true" signature="launchurl(java.lang.reflect.Method)[pri:0, instance:Flipkart_testcases.Test_17_explore_plus@76b74e9c]" started-at="2023-01-10T06:41:31 IST" name="launchurl" finished-at="2023-01-10T06:41:32 IST" duration-ms="1120" status="PASS">
          <params>
            <param index="0">
              <value>
                <![CDATA[public void Flipkart_testcases.Test_17_explore_plus.Explore() throws java.lang.InterruptedException]]>
              </value>
            </param>
          </params>
          <reporter-output>
          </reporter-output>
        </test-method> <!-- launchurl -->
        <test-method signature="Explore()[pri:0, instance:Flipkart_testcases.Test_17_explore_plus@76b74e9c]" started-at="2023-01-10T06:41:32 IST" name="Explore" finished-at="2023-01-10T06:41:45 IST" duration-ms="13262" status="PASS">
          <reporter-output>
          </reporter-output>
        </test-method> <!-- Explore -->
        <test-method is-config="true" signature="CloseBrowser(org.testng.ITestResult)[pri:0, instance:Flipkart_testcases.Test_17_explore_plus@76b74e9c]" started-at="2023-01-10T06:41:45 IST" name="CloseBrowser" finished-at="2023-01-10T06:41:45 IST" duration-ms="1" status="PASS">
          <params>
            <param index="0">
              <value>
                <![CDATA[[TestResult name=Explore status=SUCCESS method=Test_17_explore_plus.Explore()[pri:0, instance:Flipkart_testcases.Test_17_explore_plus@76b74e9c] output={null}]]]>
              </value>
            </param>
          </params>
          <reporter-output>
          </reporter-output>
        </test-method> <!-- CloseBrowser -->
      </class> <!-- Flipkart_testcases.Test_17_explore_plus -->
      <class name="Flipkart_testcases.Test_03_search_product">
        <test-method is-config="true" signature="launchurl(java.lang.reflect.Method)[pri:0, instance:Flipkart_testcases.Test_03_search_product@1a6f2363]" started-at="2023-01-10T06:38:23 IST" name="launchurl" finished-at="2023-01-10T06:38:24 IST" duration-ms="1037" status="PASS">
          <params>
            <param index="0">
              <value>
                <![CDATA[public void Flipkart_testcases.Test_03_search_product.search() throws java.lang.InterruptedException]]>
              </value>
            </param>
          </params>
          <reporter-output>
          </reporter-output>
        </test-method> <!-- launchurl -->
        <test-method signature="search()[pri:0, instance:Flipkart_testcases.Test_03_search_product@1a6f2363]" started-at="2023-01-10T06:38:24 IST" name="search" finished-at="2023-01-10T06:38:26 IST" duration-ms="1308" status="PASS">
          <reporter-output>
          </reporter-output>
        </test-method> <!-- search -->
        <test-method is-config="true" signature="CloseBrowser(org.testng.ITestResult)[pri:0, instance:Flipkart_testcases.Test_03_search_product@1a6f2363]" started-at="2023-01-10T06:38:26 IST" name="CloseBrowser" finished-at="2023-01-10T06:38:26 IST" duration-ms="0" status="PASS">
          <params>
            <param index="0">
              <value>
                <![CDATA[[TestResult name=search status=SUCCESS method=Test_03_search_product.search()[pri:0, instance:Flipkart_testcases.Test_03_search_product@1a6f2363] output={null}]]]>
              </value>
            </param>
          </params>
          <reporter-output>
          </reporter-output>
        </test-method> <!-- CloseBrowser -->
      </class> <!-- Flipkart_testcases.Test_03_search_product -->
    </test> <!-- Test -->
  </suite> <!-- Suite -->
</testng-results>
